TN:
SF:src/app.js
FN:9,(anonymous_4)
FN:15,(anonymous_5)
FN:25,App
FN:33,setupWorkerProcesses
FN:50,(anonymous_9)
FN:57,(anonymous_10)
FN:62,(anonymous_11)
FN:67,(anonymous_12)
FN:77,setUpExpress
FN:94,(anonymous_14)
FN:111,(anonymous_15)
FN:118,(anonymous_16)
FN:130,setUpCronJob
FN:161,setUpSockets
FN:171,(anonymous_19)
FN:173,updateStatus
FN:174,emitOrderToCourier
FN:176,(anonymous_22)
FN:189,(anonymous_23)
FN:207,setupServer
FNF:20
FNH:5
FNDA:0,(anonymous_4)
FNDA:0,(anonymous_5)
FNDA:1,App
FNDA:0,setupWorkerProcesses
FNDA:0,(anonymous_9)
FNDA:0,(anonymous_10)
FNDA:0,(anonymous_11)
FNDA:0,(anonymous_12)
FNDA:1,setUpExpress
FNDA:3,(anonymous_14)
FNDA:1,(anonymous_15)
FNDA:0,(anonymous_16)
FNDA:0,setUpCronJob
FNDA:0,setUpSockets
FNDA:0,(anonymous_19)
FNDA:0,updateStatus
FNDA:0,emitOrderToCourier
FNDA:0,(anonymous_22)
FNDA:0,(anonymous_23)
FNDA:1,setupServer
DA:1,1
DA:2,1
DA:3,1
DA:4,1
DA:5,1
DA:6,1
DA:7,1
DA:9,1
DA:11,0
DA:12,0
DA:15,1
DA:16,0
DA:17,0
DA:20,1
DA:21,1
DA:25,2
DA:36,0
DA:37,0
DA:42,0
DA:46,0
DA:50,0
DA:51,0
DA:57,0
DA:58,0
DA:62,0
DA:63,0
DA:64,0
DA:65,0
DA:67,0
DA:68,0
DA:79,1
DA:87,1
DA:88,1
DA:89,1
DA:93,1
DA:94,1
DA:95,3
DA:96,3
DA:97,3
DA:99,3
DA:100,0
DA:102,3
DA:106,1
DA:108,1
DA:111,1
DA:112,1
DA:118,1
DA:119,0
DA:120,0
DA:121,0
DA:165,0
DA:171,0
DA:173,0
DA:174,0
DA:176,0
DA:178,0
DA:179,0
DA:180,0
DA:181,0
DA:183,0
DA:189,0
DA:190,0
DA:191,0
DA:192,0
DA:193,0
DA:210,1
DA:211,0
DA:214,1
DA:224,1
DA:225,1
LF:70
LH:32
BRDA:99,0,0,0
BRDA:99,0,1,3
BRDA:178,1,0,0
BRDA:178,1,1,0
BRDA:178,2,0,0
BRDA:178,2,1,0
BRDA:178,2,2,0
BRDA:191,3,0,0
BRDA:191,3,1,0
BRDA:210,4,0,0
BRDA:210,4,1,1
BRDA:210,5,0,1
BRDA:210,5,1,0
BRDA:224,6,0,1
BRDA:224,6,1,0
BRF:15
BRH:4
end_of_record
TN:
SF:src/core/migrations/20201211123300-create-book.js
FN:3,(anonymous_0)
FN:33,(anonymous_1)
FNF:2
FNH:2
FNDA:1,(anonymous_0)
FNDA:1,(anonymous_1)
DA:2,2
DA:4,1
DA:34,1
LF:3
LH:3
BRF:0
BRH:0
end_of_record
TN:
SF:src/core/models/book.js
FN:6,(anonymous_4)
FN:6,(anonymous_5)
FNF:2
FNH:2
FNDA:1,(anonymous_4)
FNDA:4,(anonymous_5)
DA:3,1
DA:4,1
DA:6,9
DA:17,1
DA:25,1
LF:5
LH:5
BRF:0
BRH:0
end_of_record
TN:
SF:src/core/models/index.js
FN:42,(anonymous_0)
FN:46,(anonymous_1)
FN:51,(anonymous_2)
FNF:3
FNH:3
FNDA:2,(anonymous_0)
FNDA:1,(anonymous_1)
FNDA:1,(anonymous_2)
DA:1,1
DA:2,1
DA:3,1
DA:4,1
DA:6,1
DA:7,1
DA:9,1
DA:11,1
DA:13,1
DA:16,1
DA:17,0
DA:20,0
DA:35,1
DA:40,1
DA:43,2
DA:47,1
DA:48,1
DA:51,1
DA:52,1
DA:53,1
DA:57,1
DA:58,1
DA:60,1
LF:23
LH:21
BRDA:7,0,0,1
BRDA:7,0,1,0
BRDA:16,1,0,0
BRDA:16,1,1,1
BRDA:43,2,0,2
BRDA:43,2,1,2
BRDA:43,2,2,1
BRDA:52,3,0,1
BRDA:52,3,1,0
BRF:9
BRH:6
end_of_record
TN:
SF:src/server/controllers/book.controller.js
FN:7,BookController
FN:42,(anonymous_13)
FN:46,(anonymous_14)
FNF:3
FNH:2
FNDA:1,BookController
FNDA:1,(anonymous_13)
FNDA:0,(anonymous_14)
DA:1,1
DA:2,1
DA:4,1
DA:7,2
DA:16,1
DA:17,1
DA:19,0
DA:23,0
DA:33,1
DA:43,1
DA:44,1
DA:46,0
DA:52,0
DA:60,1
LF:14
LH:10
BRDA:16,0,0,1
BRDA:16,0,1,0
BRDA:32,1,0,2
BRDA:32,1,1,1
BRDA:32,1,2,1
BRF:5
BRH:4
end_of_record
TN:
SF:src/server/controllers/default.controller.js
FN:6,bookController
FNF:1
FNH:1
FNDA:1,bookController
DA:1,1
DA:7,1
DA:13,1
LF:3
LH:3
BRF:0
BRH:0
end_of_record
TN:
SF:src/server/models/index.js
FN:6,book
FNF:1
FNH:1
FNDA:2,book
DA:1,1
DA:7,2
DA:12,1
LF:3
LH:3
BRF:0
BRH:0
end_of_record
TN:
SF:src/server/routes/book.routes.js
FN:5,BookRoutes
FN:11,route
FNF:2
FNH:2
FNDA:1,BookRoutes
FNDA:1,route
DA:1,1
DA:2,1
DA:5,2
DA:6,1
DA:7,1
DA:8,1
DA:12,1
DA:20,1
LF:8
LH:8
BRF:0
BRH:0
end_of_record
TN:
SF:src/server/routes/default.routes.js
FN:5,route
FNF:1
FNH:1
FNDA:1,route
DA:1,1
DA:6,1
DA:14,1
LF:3
LH:3
BRF:0
BRH:0
end_of_record
TN:
SF:src/server/services/book.service.js
FN:5,BookService
FNF:1
FNH:1
FNDA:2,BookService
DA:1,1
DA:5,4
DA:6,2
DA:7,2
DA:27,1
LF:5
LH:5
BRF:0
BRH:0
end_of_record
TN:
SF:src/server/services/default.service.js
FN:5,bookService
FNF:1
FNH:1
FNDA:2,bookService
DA:1,1
DA:6,2
DA:10,1
LF:3
LH:3
BRF:0
BRH:0
end_of_record
TN:
SF:src/server/utils/customResponse.js
FN:2,Util
FN:10,setSuccess
FN:17,setError
FN:23,send
FNF:4
FNH:4
FNDA:1,Util
FNDA:2,setSuccess
FNDA:1,setError
FNDA:3,send
DA:2,1
DA:3,1
DA:4,1
DA:5,1
DA:6,1
DA:11,2
DA:12,2
DA:13,2
DA:14,2
DA:18,1
DA:19,1
DA:20,1
DA:24,3
DA:30,3
DA:31,2
DA:34,1
DA:41,1
LF:17
LH:17
BRDA:30,0,0,2
BRDA:30,0,1,1
BRF:2
BRH:2
end_of_record
