{"/Users/apple/Documents/research/nepstcc/src/app.js":{"path":"/Users/apple/Documents/research/nepstcc/src/app.js","statementMap":{"0":{"start":{"line":3,"column":29},"end":{"line":3,"column":84}},"1":{"start":{"line":5,"column":0},"end":{"line":7,"column":3}},"2":{"start":{"line":8,"column":0},"end":{"line":8,"column":25}},"3":{"start":{"line":10,"column":23},"end":{"line":10,"column":95}},"4":{"start":{"line":12,"column":20},"end":{"line":12,"column":89}},"5":{"start":{"line":14,"column":12},"end":{"line":14,"column":73}},"6":{"start":{"line":16,"column":17},"end":{"line":16,"column":83}},"7":{"start":{"line":18,"column":34},"end":{"line":18,"column":117}},"8":{"start":{"line":20,"column":23},"end":{"line":20,"column":95}},"9":{"start":{"line":22,"column":12},"end":{"line":22,"column":51}},"10":{"start":{"line":24,"column":15},"end":{"line":24,"column":57}},"11":{"start":{"line":26,"column":18},"end":{"line":26,"column":64}},"12":{"start":{"line":28,"column":15},"end":{"line":28,"column":57}},"13":{"start":{"line":30,"column":12},"end":{"line":30,"column":51}},"14":{"start":{"line":32,"column":15},"end":{"line":32,"column":80}},"15":{"start":{"line":34,"column":65},"end":{"line":34,"column":92}},"16":{"start":{"line":34,"column":94},"end":{"line":34,"column":474}},"17":{"start":{"line":34,"column":147},"end":{"line":34,"column":188}},"18":{"start":{"line":34,"column":198},"end":{"line":34,"column":405}},"19":{"start":{"line":34,"column":247},"end":{"line":34,"column":297}},"20":{"start":{"line":34,"column":299},"end":{"line":34,"column":355}},"21":{"start":{"line":34,"column":365},"end":{"line":34,"column":403}},"22":{"start":{"line":34,"column":406},"end":{"line":34,"column":471}},"23":{"start":{"line":36,"column":39},"end":{"line":36,"column":110}},"24":{"start":{"line":36,"column":97},"end":{"line":36,"column":110}},"25":{"start":{"line":36,"column":111},"end":{"line":36,"column":152}},"26":{"start":{"line":36,"column":139},"end":{"line":36,"column":152}},"27":{"start":{"line":36,"column":153},"end":{"line":36,"column":198}},"28":{"start":{"line":36,"column":186},"end":{"line":36,"column":198}},"29":{"start":{"line":36,"column":199},"end":{"line":36,"column":322}},"30":{"start":{"line":36,"column":205},"end":{"line":36,"column":279}},"31":{"start":{"line":36,"column":280},"end":{"line":36,"column":292}},"32":{"start":{"line":36,"column":307},"end":{"line":36,"column":320}},"33":{"start":{"line":38,"column":0},"end":{"line":38,"column":27}},"34":{"start":{"line":40,"column":0},"end":{"line":44,"column":3}},"35":{"start":{"line":42,"column":2},"end":{"line":42,"column":56}},"36":{"start":{"line":43,"column":2},"end":{"line":43,"column":74}},"37":{"start":{"line":45,"column":0},"end":{"line":48,"column":3}},"38":{"start":{"line":46,"column":2},"end":{"line":46,"column":54}},"39":{"start":{"line":47,"column":2},"end":{"line":47,"column":72}},"40":{"start":{"line":49,"column":10},"end":{"line":49,"column":36}},"41":{"start":{"line":50,"column":14},"end":{"line":50,"column":16}},"42":{"start":{"line":52,"column":23},"end":{"line":223,"column":22}},"43":{"start":{"line":53,"column":2},"end":{"line":53,"column":43}},"44":{"start":{"line":55,"column":15},"end":{"line":55,"column":32}},"45":{"start":{"line":58,"column":4},"end":{"line":58,"column":48}},"46":{"start":{"line":59,"column":4},"end":{"line":59,"column":29}},"47":{"start":{"line":66,"column":2},"end":{"line":221,"column":6}},"48":{"start":{"line":70,"column":21},"end":{"line":70,"column":48}},"49":{"start":{"line":72,"column":6},"end":{"line":72,"column":72}},"50":{"start":{"line":75,"column":6},"end":{"line":83,"column":7}},"51":{"start":{"line":75,"column":19},"end":{"line":75,"column":20}},"52":{"start":{"line":78,"column":8},"end":{"line":78,"column":49}},"53":{"start":{"line":80,"column":8},"end":{"line":82,"column":11}},"54":{"start":{"line":81,"column":10},"end":{"line":81,"column":27}},"55":{"start":{"line":86,"column":6},"end":{"line":88,"column":9}},"56":{"start":{"line":87,"column":8},"end":{"line":87,"column":70}},"57":{"start":{"line":91,"column":6},"end":{"line":99,"column":9}},"58":{"start":{"line":92,"column":8},"end":{"line":92,"column":109}},"59":{"start":{"line":93,"column":8},"end":{"line":93,"column":45}},"60":{"start":{"line":94,"column":8},"end":{"line":94,"column":49}},"61":{"start":{"line":96,"column":8},"end":{"line":98,"column":11}},"62":{"start":{"line":97,"column":10},"end":{"line":97,"column":31}},"63":{"start":{"line":109,"column":6},"end":{"line":109,"column":54}},"64":{"start":{"line":114,"column":6},"end":{"line":114,"column":45}},"65":{"start":{"line":115,"column":6},"end":{"line":117,"column":10}},"66":{"start":{"line":118,"column":6},"end":{"line":118,"column":34}},"67":{"start":{"line":120,"column":6},"end":{"line":120,"column":39}},"68":{"start":{"line":121,"column":6},"end":{"line":131,"column":9}},"69":{"start":{"line":122,"column":8},"end":{"line":122,"column":58}},"70":{"start":{"line":123,"column":8},"end":{"line":123,"column":74}},"71":{"start":{"line":124,"column":8},"end":{"line":124,"column":85}},"72":{"start":{"line":126,"column":8},"end":{"line":128,"column":9}},"73":{"start":{"line":127,"column":10},"end":{"line":127,"column":37}},"74":{"start":{"line":130,"column":8},"end":{"line":130,"column":15}},"75":{"start":{"line":133,"column":6},"end":{"line":133,"column":123}},"76":{"start":{"line":135,"column":6},"end":{"line":135,"column":68}},"77":{"start":{"line":137,"column":6},"end":{"line":139,"column":9}},"78":{"start":{"line":138,"column":8},"end":{"line":138,"column":136}},"79":{"start":{"line":141,"column":6},"end":{"line":145,"column":9}},"80":{"start":{"line":142,"column":8},"end":{"line":142,"column":49}},"81":{"start":{"line":143,"column":8},"end":{"line":143,"column":48}},"82":{"start":{"line":144,"column":8},"end":{"line":144,"column":58}},"83":{"start":{"line":171,"column":15},"end":{"line":173,"column":8}},"84":{"start":{"line":175,"column":6},"end":{"line":202,"column":9}},"85":{"start":{"line":176,"column":27},"end":{"line":178,"column":9}},"86":{"start":{"line":177,"column":10},"end":{"line":177,"column":81}},"87":{"start":{"line":180,"column":33},"end":{"line":182,"column":9}},"88":{"start":{"line":181,"column":10},"end":{"line":181,"column":70}},"89":{"start":{"line":184,"column":8},"end":{"line":192,"column":11}},"90":{"start":{"line":185,"column":10},"end":{"line":191,"column":11}},"91":{"start":{"line":186,"column":12},"end":{"line":186,"column":31}},"92":{"start":{"line":187,"column":12},"end":{"line":187,"column":46}},"93":{"start":{"line":188,"column":12},"end":{"line":188,"column":49}},"94":{"start":{"line":190,"column":12},"end":{"line":190,"column":49}},"95":{"start":{"line":194,"column":8},"end":{"line":201,"column":11}},"96":{"start":{"line":195,"column":10},"end":{"line":195,"column":46}},"97":{"start":{"line":197,"column":10},"end":{"line":200,"column":11}},"98":{"start":{"line":198,"column":12},"end":{"line":198,"column":54}},"99":{"start":{"line":199,"column":12},"end":{"line":199,"column":55}},"100":{"start":{"line":214,"column":6},"end":{"line":219,"column":7}},"101":{"start":{"line":215,"column":8},"end":{"line":215,"column":36}},"102":{"start":{"line":218,"column":8},"end":{"line":218,"column":28}},"103":{"start":{"line":222,"column":2},"end":{"line":222,"column":13}},"104":{"start":{"line":226,"column":0},"end":{"line":226,"column":70}},"105":{"start":{"line":227,"column":14},"end":{"line":227,"column":37}},"106":{"start":{"line":229,"column":0},"end":{"line":229,"column":26}}},"fnMap":{"0":{"name":"_createSuper","decl":{"start":{"line":34,"column":9},"end":{"line":34,"column":21}},"loc":{"start":{"line":34,"column":31},"end":{"line":34,"column":476}},"line":34},"1":{"name":"_createSuperInternal","decl":{"start":{"line":34,"column":110},"end":{"line":34,"column":130}},"loc":{"start":{"line":34,"column":133},"end":{"line":34,"column":473}},"line":34},"2":{"name":"_isNativeReflectConstruct","decl":{"start":{"line":36,"column":9},"end":{"line":36,"column":34}},"loc":{"start":{"line":36,"column":37},"end":{"line":36,"column":324}},"line":36},"3":{"name":"(anonymous_3)","decl":{"start":{"line":36,"column":262},"end":{"line":36,"column":263}},"loc":{"start":{"line":36,"column":274},"end":{"line":36,"column":276}},"line":36},"4":{"name":"(anonymous_4)","decl":{"start":{"line":40,"column":33},"end":{"line":40,"column":34}},"loc":{"start":{"line":40,"column":57},"end":{"line":44,"column":1}},"line":40},"5":{"name":"(anonymous_5)","decl":{"start":{"line":45,"column":32},"end":{"line":45,"column":33}},"loc":{"start":{"line":45,"column":55},"end":{"line":48,"column":1}},"line":45},"6":{"name":"(anonymous_6)","decl":{"start":{"line":52,"column":23},"end":{"line":52,"column":24}},"loc":{"start":{"line":52,"column":42},"end":{"line":223,"column":1}},"line":52},"7":{"name":"App","decl":{"start":{"line":57,"column":11},"end":{"line":57,"column":14}},"loc":{"start":{"line":57,"column":17},"end":{"line":60,"column":3}},"line":57},"8":{"name":"setupWorkerProcesses","decl":{"start":{"line":68,"column":20},"end":{"line":68,"column":40}},"loc":{"start":{"line":68,"column":43},"end":{"line":100,"column":5}},"line":68},"9":{"name":"(anonymous_9)","decl":{"start":{"line":80,"column":33},"end":{"line":80,"column":34}},"loc":{"start":{"line":80,"column":48},"end":{"line":82,"column":9}},"line":80},"10":{"name":"(anonymous_10)","decl":{"start":{"line":86,"column":39},"end":{"line":86,"column":40}},"loc":{"start":{"line":86,"column":57},"end":{"line":88,"column":7}},"line":86},"11":{"name":"(anonymous_11)","decl":{"start":{"line":91,"column":37},"end":{"line":91,"column":38}},"loc":{"start":{"line":91,"column":69},"end":{"line":99,"column":7}},"line":91},"12":{"name":"(anonymous_12)","decl":{"start":{"line":96,"column":50},"end":{"line":96,"column":51}},"loc":{"start":{"line":96,"column":69},"end":{"line":98,"column":9}},"line":96},"13":{"name":"setUpExpress","decl":{"start":{"line":107,"column":20},"end":{"line":107,"column":32}},"loc":{"start":{"line":107,"column":35},"end":{"line":146,"column":5}},"line":107},"14":{"name":"(anonymous_14)","decl":{"start":{"line":121,"column":14},"end":{"line":121,"column":15}},"loc":{"start":{"line":121,"column":40},"end":{"line":131,"column":7}},"line":121},"15":{"name":"(anonymous_15)","decl":{"start":{"line":137,"column":32},"end":{"line":137,"column":33}},"loc":{"start":{"line":137,"column":44},"end":{"line":139,"column":7}},"line":137},"16":{"name":"(anonymous_16)","decl":{"start":{"line":141,"column":22},"end":{"line":141,"column":23}},"loc":{"start":{"line":141,"column":48},"end":{"line":145,"column":7}},"line":141},"17":{"name":"setUpCronJob","decl":{"start":{"line":154,"column":20},"end":{"line":154,"column":32}},"loc":{"start":{"line":154,"column":35},"end":{"line":166,"column":5}},"line":154},"18":{"name":"setUpSockets","decl":{"start":{"line":169,"column":20},"end":{"line":169,"column":32}},"loc":{"start":{"line":169,"column":39},"end":{"line":203,"column":5}},"line":169},"19":{"name":"(anonymous_19)","decl":{"start":{"line":175,"column":26},"end":{"line":175,"column":27}},"loc":{"start":{"line":175,"column":44},"end":{"line":202,"column":7}},"line":175},"20":{"name":"updateStatus","decl":{"start":{"line":176,"column":36},"end":{"line":176,"column":48}},"loc":{"start":{"line":176,"column":70},"end":{"line":178,"column":9}},"line":176},"21":{"name":"emitOrderToCourier","decl":{"start":{"line":180,"column":42},"end":{"line":180,"column":60}},"loc":{"start":{"line":180,"column":68},"end":{"line":182,"column":9}},"line":180},"22":{"name":"(anonymous_22)","decl":{"start":{"line":184,"column":35},"end":{"line":184,"column":36}},"loc":{"start":{"line":184,"column":52},"end":{"line":192,"column":9}},"line":184},"23":{"name":"(anonymous_23)","decl":{"start":{"line":194,"column":32},"end":{"line":194,"column":33}},"loc":{"start":{"line":194,"column":44},"end":{"line":201,"column":9}},"line":194},"24":{"name":"setupServer","decl":{"start":{"line":212,"column":20},"end":{"line":212,"column":31}},"loc":{"start":{"line":212,"column":51},"end":{"line":220,"column":5}},"line":212}},"branchMap":{"0":{"loc":{"start":{"line":34,"column":198},"end":{"line":34,"column":405}},"type":"if","locations":[{"start":{"line":34,"column":198},"end":{"line":34,"column":405}},{"start":{"line":34,"column":198},"end":{"line":34,"column":405}}],"line":34},"1":{"loc":{"start":{"line":36,"column":39},"end":{"line":36,"column":110}},"type":"if","locations":[{"start":{"line":36,"column":39},"end":{"line":36,"column":110}},{"start":{"line":36,"column":39},"end":{"line":36,"column":110}}],"line":36},"2":{"loc":{"start":{"line":36,"column":43},"end":{"line":36,"column":95}},"type":"binary-expr","locations":[{"start":{"line":36,"column":43},"end":{"line":36,"column":73}},{"start":{"line":36,"column":77},"end":{"line":36,"column":95}}],"line":36},"3":{"loc":{"start":{"line":36,"column":111},"end":{"line":36,"column":152}},"type":"if","locations":[{"start":{"line":36,"column":111},"end":{"line":36,"column":152}},{"start":{"line":36,"column":111},"end":{"line":36,"column":152}}],"line":36},"4":{"loc":{"start":{"line":36,"column":153},"end":{"line":36,"column":198}},"type":"if","locations":[{"start":{"line":36,"column":153},"end":{"line":36,"column":198}},{"start":{"line":36,"column":153},"end":{"line":36,"column":198}}],"line":36},"5":{"loc":{"start":{"line":126,"column":8},"end":{"line":128,"column":9}},"type":"if","locations":[{"start":{"line":126,"column":8},"end":{"line":128,"column":9}},{"start":{"line":126,"column":8},"end":{"line":128,"column":9}}],"line":126},"6":{"loc":{"start":{"line":185,"column":10},"end":{"line":191,"column":11}},"type":"if","locations":[{"start":{"line":185,"column":10},"end":{"line":191,"column":11}},{"start":{"line":185,"column":10},"end":{"line":191,"column":11}}],"line":185},"7":{"loc":{"start":{"line":185,"column":14},"end":{"line":185,"column":67}},"type":"binary-expr","locations":[{"start":{"line":185,"column":14},"end":{"line":185,"column":33}},{"start":{"line":185,"column":37},"end":{"line":185,"column":51}},{"start":{"line":185,"column":55},"end":{"line":185,"column":67}}],"line":185},"8":{"loc":{"start":{"line":197,"column":10},"end":{"line":200,"column":11}},"type":"if","locations":[{"start":{"line":197,"column":10},"end":{"line":200,"column":11}},{"start":{"line":197,"column":10},"end":{"line":200,"column":11}}],"line":197},"9":{"loc":{"start":{"line":214,"column":6},"end":{"line":219,"column":7}},"type":"if","locations":[{"start":{"line":214,"column":6},"end":{"line":219,"column":7}},{"start":{"line":214,"column":6},"end":{"line":219,"column":7}}],"line":214},"10":{"loc":{"start":{"line":214,"column":10},"end":{"line":214,"column":59}},"type":"binary-expr","locations":[{"start":{"line":214,"column":10},"end":{"line":214,"column":27}},{"start":{"line":214,"column":31},"end":{"line":214,"column":59}}],"line":214},"11":{"loc":{"start":{"line":226,"column":22},"end":{"line":226,"column":68}},"type":"cond-expr","locations":[{"start":{"line":226,"column":56},"end":{"line":226,"column":61}},{"start":{"line":226,"column":64},"end":{"line":226,"column":68}}],"line":226}},"s":{"0":1,"1":1,"2":1,"3":1,"4":1,"5":1,"6":1,"7":1,"8":1,"9":1,"10":1,"11":1,"12":1,"13":1,"14":1,"15":1,"16":1,"17":1,"18":1,"19":1,"20":1,"21":0,"22":1,"23":1,"24":0,"25":1,"26":0,"27":1,"28":1,"29":0,"30":0,"31":0,"32":0,"33":1,"34":1,"35":0,"36":0,"37":1,"38":0,"39":0,"40":1,"41":1,"42":1,"43":1,"44":1,"45":1,"46":1,"47":1,"48":0,"49":0,"50":0,"51":0,"52":0,"53":0,"54":0,"55":0,"56":0,"57":0,"58":0,"59":0,"60":0,"61":0,"62":0,"63":1,"64":1,"65":1,"66":1,"67":1,"68":1,"69":8,"70":8,"71":8,"72":8,"73":0,"74":8,"75":1,"76":1,"77":1,"78":1,"79":1,"80":0,"81":0,"82":0,"83":0,"84":0,"85":0,"86":0,"87":0,"88":0,"89":0,"90":0,"91":0,"92":0,"93":0,"94":0,"95":0,"96":0,"97":0,"98":0,"99":0,"100":1,"101":0,"102":1,"103":1,"104":1,"105":1,"106":1},"f":{"0":1,"1":1,"2":1,"3":0,"4":0,"5":0,"6":1,"7":1,"8":0,"9":0,"10":0,"11":0,"12":0,"13":1,"14":8,"15":1,"16":0,"17":0,"18":0,"19":0,"20":0,"21":0,"22":0,"23":0,"24":1},"b":{"0":[1,0],"1":[0,1],"2":[1,1],"3":[0,1],"4":[1,0],"5":[0,8],"6":[0,0],"7":[0,0,0],"8":[0,0],"9":[0,1],"10":[1,0],"11":[1,0]},"inputSourceMap":{"version":3,"sources":["app.js"],"names":["require","config","process","on","rejectionErr","console","log","JSON","stringify","uncaughtExc","app","workers","App","numCores","cpus","length","i","push","cluster","fork","msg","worker","pid","code","signal","message","server","http","createServer","use","bodyParser","json","urlencoded","extended","disable","req","res","next","setHeader","method","sendStatus","express","listen","address","port","appErr","appCtx","error","stack","url","headers","io","socketIo","transports","socket","updateStatus","id","bool","socket_id","UserController","setStatusUserToOnline","emitOrderToCourier","token","SocketController","getCurrentOrderCourier","undefined","_id","isClusterRequired","isMaster","setupWorkerProcesses","setUpExpress","Routes","setupServer","env","NODE_ENV","app_url"],"mappings":";;;;;;;;;;;;;;;;;;;;;AAAA;;AACA;;AACA;;AACA;;AAEA;;AACA;;;;;;AAFAA,OAAO,CAAC,QAAD,CAAP,CAAkBC,MAAlB;;AAIAC,OAAO,CAACC,EAAR,CAAW,oBAAX,EAAiC,UAACC,YAAD,EAAkB;AAC/C;AACAC,EAAAA,OAAO,CAACC,GAAR,CAAY,0BAAZ,EAAwCF,YAAxC;AACAC,EAAAA,OAAO,CAACC,GAAR,CAAY,4BAAZ,EAA0CC,IAAI,CAACC,SAAL,CAAeJ,YAAf,CAA1C;AACH,CAJD;AAMAF,OAAO,CAACC,EAAR,CAAW,mBAAX,EAAgC,UAACM,WAAD,EAAiB;AAC7CJ,EAAAA,OAAO,CAACC,GAAR,CAAY,yBAAZ,EAAuCG,WAAvC;AACAJ,EAAAA,OAAO,CAACC,GAAR,CAAY,2BAAZ,EAAyCC,IAAI,CAACC,SAAL,CAAeC,WAAf,CAAzC;AACH,CAHD;AAKA,IAAMC,GAAG,GAAG,0BAAZ;AACA,IAAIC,OAAO,GAAG,EAAd;;IAGMC,G;;;;;AACF,iBAAc;AAAA;AAAA;AAEb;AAED;AACJ;AACA;;;;;2CAE2B;AACnB;AAEA,UAAIC,QAAQ,GAAGb,OAAO,CAAC,IAAD,CAAP,CAAcc,IAAd,GAAqBC,MAApC;;AACAV,MAAAA,OAAO,CAACC,GAAR,CAAY,+BAA+BO,QAA/B,GAA0C,UAAtD,EAJmB,CAMnB;AACA;;AAEA,WAAK,IAAIG,CAAC,GAAG,CAAb,EAAgBA,CAAC,GAAGH,QAApB,EAA8BG,CAAC,EAA/B,EAAmC;AAC/B;AACA;AAEAL,QAAAA,OAAO,CAACM,IAAR,CAAaC,oBAAQC,IAAR,EAAb,EAJ+B,CAM/B;;AAEAR,QAAAA,OAAO,CAACK,CAAD,CAAP,CAAWb,EAAX,CAAc,SAAd,EAAyB,UAACiB,GAAD,EAAS;AAC9Bf,UAAAA,OAAO,CAACC,GAAR,CAAYc,GAAZ;AACH,SAFD;AAIH,OArBkB,CAuBnB;;;AACAF,0BAAQf,EAAR,CAAW,QAAX,EAAqB,UAACkB,MAAD,EAAY;AAC7BhB,QAAAA,OAAO,CAACC,GAAR,CAAY,YAAYe,MAAM,CAACnB,OAAP,CAAeoB,GAA3B,GAAiC,eAA7C;AACH,OAFD,EAxBmB,CA4BnB;;;AACAJ,0BAAQf,EAAR,CAAW,MAAX,EAAmB,UAACkB,MAAD,EAASE,IAAT,EAAeC,MAAf,EAA0B;AACzCnB,QAAAA,OAAO,CAACC,GAAR,CAAY,YAAYe,MAAM,CAACnB,OAAP,CAAeoB,GAA3B,GAAiC,mBAAjC,GAAuDC,IAAvD,GAA8D,gBAA9D,GAAiFC,MAA7F;AACAnB,QAAAA,OAAO,CAACC,GAAR,CAAY,uBAAZ;AACAK,QAAAA,OAAO,CAACM,IAAR,CAAaC,oBAAQC,IAAR,EAAb,EAHyC,CAIzC;;AACAR,QAAAA,OAAO,CAACA,OAAO,CAACI,MAAR,GAAiB,CAAlB,CAAP,CAA4BZ,EAA5B,CAA+B,SAA/B,EAA0C,UAAUsB,OAAV,EAAmB;AACzDpB,UAAAA,OAAO,CAACC,GAAR,CAAYmB,OAAZ;AACH,SAFD;AAGH,OARD;AASH;AAED;AACJ;AACA;;;;mCAEmB;AACX;AACAf,MAAAA,GAAG,CAACgB,MAAJ,GAAaC,iBAAKC,YAAL,CAAkBlB,GAAlB,CAAb,CAFW,CAIX;AAEA;AACA;AAEA;;AACAA,MAAAA,GAAG,CAACmB,GAAJ,CAAQC,uBAAWC,IAAX,EAAR;AACArB,MAAAA,GAAG,CAACmB,GAAJ,CAAQC,uBAAWE,UAAX,CAAsB;AAAEC,QAAAA,QAAQ,EAAE;AAAZ,OAAtB,CAAR;AACAvB,MAAAA,GAAG,CAACwB,OAAJ,CAAY,cAAZ,EAZW,CAcX;;AAEAxB,MAAAA,GAAG,CAACmB,GAAJ,CAAQ,uBAAR;AACAnB,MAAAA,GAAG,CAACmB,GAAJ,CAAQ,UAACM,GAAD,EAAMC,GAAN,EAAWC,IAAX,EAAoB;AACxBD,QAAAA,GAAG,CAACE,SAAJ,CAAc,6BAAd,EAA6C,GAA7C;AACAF,QAAAA,GAAG,CAACE,SAAJ,CAAc,8BAAd,EAA8C,kBAA9C;AACAF,QAAAA,GAAG,CAACE,SAAJ,CAAc,8BAAd,EAA8C,6BAA9C;;AAEA,YAAIH,GAAG,CAACI,MAAJ,IAAc,SAAlB,EAA6B;AACzB,iBAAOH,GAAG,CAACI,UAAJ,CAAe,GAAf,CAAP;AACH;;AACDH,QAAAA,IAAI;AACP,OATD,EAjBW,CA4BX;;AACA3B,MAAAA,GAAG,CAACmB,GAAJ,CAAQ,SAAR,oGA7BW,CA8BX;;AACAnB,MAAAA,GAAG,CAACmB,GAAJ,CAAQ,SAAR,EAAmBY,8BAAe,UAAf,CAAnB,EA/BW,CAiCX;;AACA/B,MAAAA,GAAG,CAACgB,MAAJ,CAAWgB,MAAX,CAAkB,MAAlB,EAA0B,YAAM;AAC5BrC,QAAAA,OAAO,CAACC,GAAR,iDAAqDI,GAAG,CAACgB,MAAJ,CAAWiB,OAAX,GAAqBC,IAA1E,6BAAiG1C,OAAO,CAACoB,GAAzG;AACH,OAFD,EAlCW,CAwCX;;AACAZ,MAAAA,GAAG,CAACP,EAAJ,CAAO,OAAP,EAAgB,UAAC0C,MAAD,EAASC,MAAT,EAAoB;AAChCzC,QAAAA,OAAO,CAAC0C,KAAR,CAAc,WAAd,EAA2BF,MAAM,CAACG,KAAlC;AACA3C,QAAAA,OAAO,CAAC0C,KAAR,CAAc,QAAd,EAAwBD,MAAM,CAACX,GAAP,CAAWc,GAAnC;AACA5C,QAAAA,OAAO,CAAC0C,KAAR,CAAc,cAAd,EAA8BD,MAAM,CAACX,GAAP,CAAWe,OAAzC;AACH,OAJD;AAKH;AAGD;AACJ;AACA;AACA;;;;mCACmB,CAEX;AAEA;AAEA;AAEA;AAEA;AAEA;AAEA;AACA;AAIA;AAEA;AAEA;AAKA;AACH;;;iCAEYN,I,EAAM;AAEf;AAEA,UAAMO,EAAE,GAAGC,QAAQ,CAAC1C,GAAG,CAACgB,MAAL,EAAa;AAC5B2B,QAAAA,UAAU,EAAE,CAAC,WAAD;AADgB,OAAb,CAAnB,CAJe,CASf;;AACAF,MAAAA,EAAE,CAAChD,EAAH,CAAM,YAAN,EAAoB,UAACmD,MAAD,EAAY;AAE5B,YAAMC,YAAY,GAAG,SAAfA,YAAe,CAACC,EAAD,EAAKC,IAAL,EAAWC,SAAX;AAAA,iBAAyB,IAAIC,cAAJ,GAAqBC,qBAArB,CAA2CJ,EAA3C,EAA+CC,IAA/C,EAAqDC,SAArD,CAAzB;AAAA,SAArB;;AACA,YAAMG,kBAAkB,GAAG,SAArBA,kBAAqB,CAACC,KAAD;AAAA,iBAAW,IAAIC,gBAAJ,GAAuBC,sBAAvB,CAA8CF,KAA9C,CAAX;AAAA,SAA3B;;AAEAR,QAAAA,MAAM,CAACnD,EAAP,CAAU,eAAV,EAA2B,UAAC2D,KAAD,EAAW;AAElC,cAAIA,KAAK,KAAKG,SAAV,IAAuBH,KAAK,KAAK,IAAjC,IAAyCA,KAAK,KAAK,EAAvD,EAA2D;AACvDR,YAAAA,MAAM,CAACY,GAAP,GAAaJ,KAAb;AACAzD,YAAAA,OAAO,CAACC,GAAR,CAAYwD,KAAK,GAAG,YAApB;AACAP,YAAAA,YAAY,CAACO,KAAD,EAAQ,IAAR,EAAcR,MAAM,CAACE,EAArB,CAAZ;AACH,WAJD,MAIO;AACHnD,YAAAA,OAAO,CAACC,GAAR,CAAY,uBAAZ;AACH;AACJ,SATD,EAL4B,CAiB5B;;AACAgD,QAAAA,MAAM,CAACnD,EAAP,CAAU,YAAV,EAAwB,YAAM;AAC1BE,UAAAA,OAAO,CAACC,GAAR,CAAY,sBAAZ;;AACA,cAAIgD,MAAM,CAACY,GAAX,EAAgB;AACZ7D,YAAAA,OAAO,CAACC,GAAR,CAAYgD,MAAM,CAACY,GAAP,GAAa,eAAzB;AACAX,YAAAA,YAAY,CAACD,MAAM,CAACY,GAAR,EAAa,KAAb,EAAoBZ,MAAM,CAACE,EAA3B,CAAZ;AACH;AACJ,SAND;AAOH,OAzBD;AA0BH;;;;AAID;AACJ;AACA;AACA;AACA;gCAEgBW,iB,EAAmB;AAE3B;AACA,UAAIA,iBAAiB,IAAIjD,oBAAQkD,QAAjC,EAA2C;AACvC,aAAKC,oBAAL;AACH,OAFD,MAEO;AACH;AACA,aAAKC,YAAL;AACH;AACJ;;;EAhMaC,mB,GAuMlB;;;AACA,IAAI3D,GAAJ,GAAU4D,WAAV,CAAsBtE,OAAO,CAACuE,GAAR,CAAYC,QAAZ,KAAyB,MAAzB,GAAkC,KAAlC,GAA0C,IAAhE;AACA,IAAMC,OAAO,GAAG,uBAAhB,C,CAEA","sourceRoot":"/Users/apple/Documents/research/nepstcc/src/","sourcesContent":["import http from 'http';\nimport express from 'express';\nimport bodyParser from 'body-parser';\nimport cluster from 'cluster';\nrequire('dotenv').config();\nimport cors from 'cors';\nimport Routes from './server/routes/default.routes';\n\nprocess.on('unhandledRejection', (rejectionErr) => {\n    // won't execute\n    console.log('unhandledRejection Err::', rejectionErr);\n    console.log('unhandledRejection Stack::', JSON.stringify(rejectionErr))\n})\n\nprocess.on('uncaughtException', (uncaughtExc) => {\n    console.log('uncaughtException Err::', uncaughtExc);\n    console.log('uncaughtException Stack::', JSON.stringify(uncaughtExc));\n})\n\nconst app = express();\nlet workers = [];\n\n\nclass App extends Routes {\n    constructor() {\n        super()\n    }\n\n    /**\n    * Setup number of worker processes to share port which will be defined while setting up the server\n    */\n\n    setupWorkerProcesses() {\n        // to read number of cores on system\n\n        let numCores = require('os').cpus().length;\n        console.log('Master cluster setting up ' + numCores + ' workers');\n\n        // iterate on number of cores need to be utilized by an application\n        // current example will utilize all of them\n\n        for (let i = 0; i < numCores; i++) {\n            // creating workers and pushing reference in an array\n            // these references can be used to receive messages from workers\n\n            workers.push(cluster.fork());\n\n            //to receive messages from worker process\n\n            workers[i].on('message', (msg) => {\n                console.log(msg)\n            })\n\n        }\n\n        // process is clustered on a core and process id is assigned\n        cluster.on('online', (worker) => {\n            console.log('Worker ' + worker.process.pid + ' is listening')\n        })\n\n        // if any of the worker process dies then start a new one by simply forking another one\n        cluster.on('exit', (worker, code, signal) => {\n            console.log('Worker ' + worker.process.pid + ' died with code: ' + code + ', and signal: ' + signal);\n            console.log('Starting a new worker');\n            workers.push(cluster.fork());\n            // to receive messages from worker process\n            workers[workers.length - 1].on('message', function (message) {\n                console.log(message);\n            });\n        })\n    }\n\n    /**\n    * Setup an express server and define port to listen all incoming requests for this application\n    */\n\n    setUpExpress() {\n        // create server\n        app.server = http.createServer(app);\n\n        // logger\n\n        // sockets\n        // this.setUpSockets(app.server);\n\n        // parse application/json\n        app.use(bodyParser.json());\n        app.use(bodyParser.urlencoded({ extended: false }))\n        app.disable('x-powered-by')\n\n        // cross origin configuration\n\n        app.use(cors());\n        app.use((req, res, next) => {\n            res.setHeader('Access-Control-Allow-Origin', '*');\n            res.setHeader('Access-Control-Allow-Methods', 'POST,GET,OPTIONS');\n            res.setHeader('Access-Control-Allow-Headers', 'Content-Type, Authorization');\n\n            if (req.method == 'OPTIONS') {\n                return res.sendStatus(200);\n            }\n            next();\n        });\n\n        // routes\n        app.use('/api/v1', super.route())\n        // app.use(super.route());\n        app.use('/public', express.static('./public'));\n\n        // start server\n        app.server.listen('8000', () => {\n            console.log(`Started server on => http://localhost:${app.server.address().port} for Process Id ${process.pid}`);\n        });\n\n\n\n        // in case of an error\n        app.on('error', (appErr, appCtx) => {\n            console.error('app error', appErr.stack);\n            console.error('on url', appCtx.req.url);\n            console.error('with headers', appCtx.req.headers);\n        });\n    }\n\n\n    /**\n     * this function is to start cron job and running every second\n     * every task of cronjob is goes to here\n     */\n    setUpCronJob() {\n\n        // (new CronJob('* * * * * *', () => {\n\n        //     // tasks\n\n        //     // const Order = OrderSchema;\n\n        //     // Order.find({}, (err,res) => {\n\n        //     //     if(res){\n\n        //     //         return res.map((v,i) => {\n\n        //     //             // check wheter all the item of order status is true\n        //     //             let check = v.item.every((x,y) => x.status === true);\n\n\n\n        //     //         })\n\n        //     //     }\n\n        //     // })\n\n\n\n\n        // }, null, true, 'Asia/Makassar')).start();\n    }\n\n    setUpSockets(port) {\n\n        // define the endpoint socket; \n\n        const io = socketIo(app.server, {\n            transports: ['websocket']\n        });\n\n\n        // create the socket\n        io.on('connection', (socket) => {\n\n            const updateStatus = (id, bool, socket_id) => new UserController().setStatusUserToOnline(id, bool, socket_id)\n            const emitOrderToCourier = (token) => new SocketController().getCurrentOrderCourier(token);\n\n            socket.on('userConnected', (token) => {\n\n                if (token !== undefined || token !== null || token !== \"\") {\n                    socket._id = token;\n                    console.log(token + ' connected');\n                    updateStatus(token, true, socket.id);\n                } else {\n                    console.log('token invalid, return');\n                }\n            });\n\n\n            // fired up when the user disconnected\n            socket.on('disconnect', () => {\n                console.log('someone disconnected');\n                if (socket._id) {\n                    console.log(socket._id + ' disconnected');\n                    updateStatus(socket._id, false, socket.id);\n                }\n            })\n        })\n    };\n\n\n\n    /**\n     * Setup server either with clustering or without it\n     * @param isClusterRequired Boolean\n     * @constructor\n     */\n\n    setupServer(isClusterRequired) {\n\n        // if it is a master process then call setting up worker process\n        if (isClusterRequired && cluster.isMaster) {\n            this.setupWorkerProcesses();\n        } else {\n            // to setup server configurations and share port address for incoming requests\n            this.setUpExpress();\n        }\n    }\n}\n\n\n\n\n\n// run the server\nnew App().setupServer(process.env.NODE_ENV === \"test\" ? false : true);\nconst app_url = 'http://localhost:8000';\n\n// export the app (incase for testing purposes)\nexport {\n    app_url\n}"]},"_coverageSchema":"1a1c01bbd47fc00a2c39e90264f33305004495a9","hash":"3f7c5f75d2277413c8d5ad12c7c2315b5210864d","contentHash":"207acffad39fe5d2df15c3bbe6be1ba4ac24fd8ab113fddf6345fe4ba0cea7ad"},"/Users/apple/Documents/research/nepstcc/src/server/routes/default.routes.js":{"path":"/Users/apple/Documents/research/nepstcc/src/server/routes/default.routes.js","statementMap":{"0":{"start":{"line":3,"column":29},"end":{"line":3,"column":84}},"1":{"start":{"line":5,"column":0},"end":{"line":7,"column":3}},"2":{"start":{"line":8,"column":0},"end":{"line":8,"column":28}},"3":{"start":{"line":10,"column":23},"end":{"line":10,"column":95}},"4":{"start":{"line":12,"column":20},"end":{"line":12,"column":89}},"5":{"start":{"line":14,"column":12},"end":{"line":14,"column":60}},"6":{"start":{"line":16,"column":12},"end":{"line":16,"column":60}},"7":{"start":{"line":18,"column":26},"end":{"line":30,"column":3}},"8":{"start":{"line":20,"column":4},"end":{"line":20,"column":51}},"9":{"start":{"line":23,"column":2},"end":{"line":28,"column":6}},"10":{"start":{"line":26,"column":6},"end":{"line":26,"column":78}},"11":{"start":{"line":29,"column":2},"end":{"line":29,"column":16}},"12":{"start":{"line":33,"column":15},"end":{"line":33,"column":21}},"13":{"start":{"line":34,"column":0},"end":{"line":34,"column":30}}},"fnMap":{"0":{"name":"(anonymous_0)","decl":{"start":{"line":18,"column":26},"end":{"line":18,"column":27}},"loc":{"start":{"line":18,"column":38},"end":{"line":30,"column":1}},"line":18},"1":{"name":"Routes","decl":{"start":{"line":19,"column":11},"end":{"line":19,"column":17}},"loc":{"start":{"line":19,"column":20},"end":{"line":21,"column":3}},"line":19},"2":{"name":"route","decl":{"start":{"line":25,"column":20},"end":{"line":25,"column":25}},"loc":{"start":{"line":25,"column":28},"end":{"line":27,"column":5}},"line":25}},"branchMap":{},"s":{"0":1,"1":1,"2":1,"3":1,"4":1,"5":1,"6":1,"7":1,"8":1,"9":1,"10":1,"11":1,"12":1,"13":1},"f":{"0":1,"1":1,"2":1},"b":{},"inputSourceMap":{"version":3,"sources":["default.routes.js"],"names":["Routes","BookRoutes","route","AuthRoutes"],"mappings":";;;;;;;;;;;;;AAAA;;AACA;;IAEMA,M;;;;;;;4BAEK;AACH,aAAO,CACH,IAAIC,gBAAJ,GAAiBC,KAAjB,EADG,EAEH,IAAIC,gBAAJ,GAAiBD,KAAjB,EAFG,CAAP;AAIH;;;;;AAEJ;eAGcF,M","sourceRoot":"/Users/apple/Documents/research/nepstcc/src/server/routes/","sourcesContent":["import AuthRoutes from './auth.routes';\nimport BookRoutes from './book.routes';\n\nclass Routes {\n\n    route(){\n        return [\n            new BookRoutes().route(),\n            new AuthRoutes().route()\n        ]\n    };\n\n};\n\n\nexport default Routes;"]},"_coverageSchema":"1a1c01bbd47fc00a2c39e90264f33305004495a9","hash":"649c4867352bb711932b20ecbd53c1bd75493968","contentHash":"ffe3d17f9a4a240ce7f1de6c9fff80e3f727f126b66ca454df8c548b5a967b09"},"/Users/apple/Documents/research/nepstcc/src/server/routes/auth.routes.js":{"path":"/Users/apple/Documents/research/nepstcc/src/server/routes/auth.routes.js","statementMap":{"0":{"start":{"line":3,"column":29},"end":{"line":3,"column":84}},"1":{"start":{"line":5,"column":0},"end":{"line":7,"column":3}},"2":{"start":{"line":8,"column":0},"end":{"line":8,"column":28}},"3":{"start":{"line":10,"column":23},"end":{"line":10,"column":95}},"4":{"start":{"line":12,"column":20},"end":{"line":12,"column":89}},"5":{"start":{"line":14,"column":12},"end":{"line":14,"column":73}},"6":{"start":{"line":16,"column":17},"end":{"line":16,"column":83}},"7":{"start":{"line":18,"column":34},"end":{"line":18,"column":117}},"8":{"start":{"line":20,"column":23},"end":{"line":20,"column":95}},"9":{"start":{"line":22,"column":15},"end":{"line":22,"column":33}},"10":{"start":{"line":24,"column":16},"end":{"line":24,"column":84}},"11":{"start":{"line":26,"column":65},"end":{"line":26,"column":92}},"12":{"start":{"line":26,"column":94},"end":{"line":26,"column":474}},"13":{"start":{"line":26,"column":147},"end":{"line":26,"column":188}},"14":{"start":{"line":26,"column":198},"end":{"line":26,"column":405}},"15":{"start":{"line":26,"column":247},"end":{"line":26,"column":297}},"16":{"start":{"line":26,"column":299},"end":{"line":26,"column":355}},"17":{"start":{"line":26,"column":365},"end":{"line":26,"column":403}},"18":{"start":{"line":26,"column":406},"end":{"line":26,"column":471}},"19":{"start":{"line":28,"column":39},"end":{"line":28,"column":110}},"20":{"start":{"line":28,"column":97},"end":{"line":28,"column":110}},"21":{"start":{"line":28,"column":111},"end":{"line":28,"column":152}},"22":{"start":{"line":28,"column":139},"end":{"line":28,"column":152}},"23":{"start":{"line":28,"column":153},"end":{"line":28,"column":198}},"24":{"start":{"line":28,"column":186},"end":{"line":28,"column":198}},"25":{"start":{"line":28,"column":199},"end":{"line":28,"column":322}},"26":{"start":{"line":28,"column":205},"end":{"line":28,"column":279}},"27":{"start":{"line":28,"column":280},"end":{"line":28,"column":292}},"28":{"start":{"line":28,"column":307},"end":{"line":28,"column":320}},"29":{"start":{"line":30,"column":30},"end":{"line":51,"column":23}},"30":{"start":{"line":31,"column":2},"end":{"line":31,"column":54}},"31":{"start":{"line":33,"column":15},"end":{"line":33,"column":39}},"32":{"start":{"line":38,"column":4},"end":{"line":38,"column":55}},"33":{"start":{"line":39,"column":4},"end":{"line":39,"column":30}},"34":{"start":{"line":40,"column":4},"end":{"line":40,"column":42}},"35":{"start":{"line":41,"column":4},"end":{"line":41,"column":17}},"36":{"start":{"line":44,"column":2},"end":{"line":49,"column":6}},"37":{"start":{"line":47,"column":6},"end":{"line":47,"column":335}},"38":{"start":{"line":50,"column":2},"end":{"line":50,"column":20}},"39":{"start":{"line":54,"column":15},"end":{"line":54,"column":25}},"40":{"start":{"line":55,"column":0},"end":{"line":55,"column":30}}},"fnMap":{"0":{"name":"_createSuper","decl":{"start":{"line":26,"column":9},"end":{"line":26,"column":21}},"loc":{"start":{"line":26,"column":31},"end":{"line":26,"column":476}},"line":26},"1":{"name":"_createSuperInternal","decl":{"start":{"line":26,"column":110},"end":{"line":26,"column":130}},"loc":{"start":{"line":26,"column":133},"end":{"line":26,"column":473}},"line":26},"2":{"name":"_isNativeReflectConstruct","decl":{"start":{"line":28,"column":9},"end":{"line":28,"column":34}},"loc":{"start":{"line":28,"column":37},"end":{"line":28,"column":324}},"line":28},"3":{"name":"(anonymous_3)","decl":{"start":{"line":28,"column":262},"end":{"line":28,"column":263}},"loc":{"start":{"line":28,"column":274},"end":{"line":28,"column":276}},"line":28},"4":{"name":"(anonymous_4)","decl":{"start":{"line":30,"column":30},"end":{"line":30,"column":31}},"loc":{"start":{"line":30,"column":53},"end":{"line":51,"column":1}},"line":30},"5":{"name":"AuthRoutes","decl":{"start":{"line":35,"column":11},"end":{"line":35,"column":21}},"loc":{"start":{"line":35,"column":24},"end":{"line":42,"column":3}},"line":35},"6":{"name":"route","decl":{"start":{"line":46,"column":20},"end":{"line":46,"column":25}},"loc":{"start":{"line":46,"column":28},"end":{"line":48,"column":5}},"line":46}},"branchMap":{"0":{"loc":{"start":{"line":26,"column":198},"end":{"line":26,"column":405}},"type":"if","locations":[{"start":{"line":26,"column":198},"end":{"line":26,"column":405}},{"start":{"line":26,"column":198},"end":{"line":26,"column":405}}],"line":26},"1":{"loc":{"start":{"line":28,"column":39},"end":{"line":28,"column":110}},"type":"if","locations":[{"start":{"line":28,"column":39},"end":{"line":28,"column":110}},{"start":{"line":28,"column":39},"end":{"line":28,"column":110}}],"line":28},"2":{"loc":{"start":{"line":28,"column":43},"end":{"line":28,"column":95}},"type":"binary-expr","locations":[{"start":{"line":28,"column":43},"end":{"line":28,"column":73}},{"start":{"line":28,"column":77},"end":{"line":28,"column":95}}],"line":28},"3":{"loc":{"start":{"line":28,"column":111},"end":{"line":28,"column":152}},"type":"if","locations":[{"start":{"line":28,"column":111},"end":{"line":28,"column":152}},{"start":{"line":28,"column":111},"end":{"line":28,"column":152}}],"line":28},"4":{"loc":{"start":{"line":28,"column":153},"end":{"line":28,"column":198}},"type":"if","locations":[{"start":{"line":28,"column":153},"end":{"line":28,"column":198}},{"start":{"line":28,"column":153},"end":{"line":28,"column":198}}],"line":28}},"s":{"0":1,"1":1,"2":1,"3":1,"4":1,"5":1,"6":1,"7":1,"8":1,"9":1,"10":1,"11":1,"12":1,"13":1,"14":1,"15":1,"16":1,"17":0,"18":1,"19":1,"20":0,"21":1,"22":0,"23":1,"24":1,"25":0,"26":0,"27":0,"28":0,"29":1,"30":1,"31":1,"32":1,"33":1,"34":1,"35":1,"36":1,"37":1,"38":1,"39":1,"40":1},"f":{"0":1,"1":1,"2":1,"3":0,"4":1,"5":1,"6":1},"b":{"0":[1,0],"1":[0,1],"2":[1,1],"3":[0,1],"4":[1,0]},"inputSourceMap":{"version":3,"sources":["auth.routes.js"],"names":["AuthRoutes","router","post","userRegister","userLogin","Controller"],"mappings":";;;;;;;;;;;;;;;;;;;;;AAAA;;AACA;;;;;;IAGMA,U;;;;;AACF,wBAAa;AAAA;;AAAA;AACT;AACA,UAAKC,MAAL,GAAc,sBAAd;AAFS;AAGZ;;;;4BAEM;AACH,aAAO,CACH,KAAKA,MAAL,CAAYC,IAAZ,CAAiB,eAAjB,EAAkC,iHAAuBC,YAAzD,CADG,EAEH,KAAKF,MAAL,CAAYC,IAAZ,CAAiB,eAAjB,EAAkC,iHAAuBE,SAAzD,CAFG,CAAP;AAIH;;;EAXoBC,oB;;AAYxB;eAGcL,U","sourceRoot":"/Users/apple/Documents/research/nepstcc/src/server/routes/","sourcesContent":["import { Router } from 'express';\nimport Controller from '../controllers/default.controller';\n\n\nclass AuthRoutes extends Controller {\n    constructor(){\n        super();\n        this.router = Router();\n    }\n\n    route(){\n        return [\n            this.router.post('/auth/sign-up', super.authController().userRegister),\n            this.router.post('/auth/sign-in', super.authController().userLogin)\n        ]\n    }\n};\n\n\nexport default AuthRoutes;\n"]},"_coverageSchema":"1a1c01bbd47fc00a2c39e90264f33305004495a9","hash":"c40001adaf4cd3dcc0636da182ec411eaa3a9c34","contentHash":"a87d72cc6fe4f35befa1b4f01f5fe19a42f395deb568fef6feb12a9518a0c94d"},"/Users/apple/Documents/research/nepstcc/src/server/controllers/default.controller.js":{"path":"/Users/apple/Documents/research/nepstcc/src/server/controllers/default.controller.js","statementMap":{"0":{"start":{"line":3,"column":29},"end":{"line":3,"column":84}},"1":{"start":{"line":5,"column":0},"end":{"line":7,"column":3}},"2":{"start":{"line":8,"column":0},"end":{"line":8,"column":28}},"3":{"start":{"line":10,"column":23},"end":{"line":10,"column":95}},"4":{"start":{"line":12,"column":20},"end":{"line":12,"column":89}},"5":{"start":{"line":14,"column":12},"end":{"line":14,"column":64}},"6":{"start":{"line":16,"column":12},"end":{"line":16,"column":64}},"7":{"start":{"line":18,"column":30},"end":{"line":35,"column":3}},"8":{"start":{"line":20,"column":4},"end":{"line":20,"column":55}},"9":{"start":{"line":23,"column":2},"end":{"line":33,"column":6}},"10":{"start":{"line":26,"column":6},"end":{"line":26,"column":36}},"11":{"start":{"line":31,"column":6},"end":{"line":31,"column":36}},"12":{"start":{"line":34,"column":2},"end":{"line":34,"column":20}},"13":{"start":{"line":38,"column":15},"end":{"line":38,"column":25}},"14":{"start":{"line":39,"column":0},"end":{"line":39,"column":30}}},"fnMap":{"0":{"name":"(anonymous_0)","decl":{"start":{"line":18,"column":30},"end":{"line":18,"column":31}},"loc":{"start":{"line":18,"column":42},"end":{"line":35,"column":1}},"line":18},"1":{"name":"Controller","decl":{"start":{"line":19,"column":11},"end":{"line":19,"column":21}},"loc":{"start":{"line":19,"column":24},"end":{"line":21,"column":3}},"line":19},"2":{"name":"bookController","decl":{"start":{"line":25,"column":20},"end":{"line":25,"column":34}},"loc":{"start":{"line":25,"column":37},"end":{"line":27,"column":5}},"line":25},"3":{"name":"authController","decl":{"start":{"line":30,"column":20},"end":{"line":30,"column":34}},"loc":{"start":{"line":30,"column":37},"end":{"line":32,"column":5}},"line":30}},"branchMap":{},"s":{"0":1,"1":1,"2":1,"3":1,"4":1,"5":1,"6":1,"7":1,"8":2,"9":1,"10":1,"11":2,"12":1,"13":1,"14":1},"f":{"0":1,"1":2,"2":1,"3":2},"b":{},"inputSourceMap":{"version":3,"sources":["default.controller.js"],"names":["Controller","BookController","AuthController"],"mappings":";;;;;;;;;;;;;AAAA;;AACA;;IAGMA,U;;;;;;;qCAEc;AACZ,aAAO,IAAIC,gBAAJ,EAAP;AACH;;;qCAEgB;AACb,aAAO,IAAIC,gBAAJ,EAAP;AACH;;;;;AAEJ;eAGcF,U","sourceRoot":"/Users/apple/Documents/research/nepstcc/src/server/controllers/","sourcesContent":["import AuthController from './auth.controller';\nimport BookController from './book.controller';\n\n\nclass Controller {\n\n    bookController(){\n        return new BookController();\n    };\n\n    authController() {\n        return new AuthController();\n    }\n    \n};\n\n\nexport default Controller;"]},"_coverageSchema":"1a1c01bbd47fc00a2c39e90264f33305004495a9","hash":"b40dc39ec963feb3579aebaeb55655b00092842f","contentHash":"e2899047ce62f2d33fcc310a5697049b017bc36a27038e4c6717220465daafbb"},"/Users/apple/Documents/research/nepstcc/src/server/controllers/auth.controller.js":{"path":"/Users/apple/Documents/research/nepstcc/src/server/controllers/auth.controller.js","statementMap":{"0":{"start":{"line":3,"column":29},"end":{"line":3,"column":84}},"1":{"start":{"line":5,"column":0},"end":{"line":7,"column":3}},"2":{"start":{"line":8,"column":0},"end":{"line":8,"column":28}},"3":{"start":{"line":10,"column":19},"end":{"line":10,"column":80}},"4":{"start":{"line":12,"column":25},"end":{"line":12,"column":99}},"5":{"start":{"line":14,"column":23},"end":{"line":14,"column":95}},"6":{"start":{"line":16,"column":20},"end":{"line":16,"column":89}},"7":{"start":{"line":18,"column":12},"end":{"line":18,"column":73}},"8":{"start":{"line":20,"column":17},"end":{"line":20,"column":83}},"9":{"start":{"line":22,"column":34},"end":{"line":22,"column":117}},"10":{"start":{"line":24,"column":23},"end":{"line":24,"column":95}},"11":{"start":{"line":26,"column":16},"end":{"line":26,"column":78}},"12":{"start":{"line":28,"column":65},"end":{"line":28,"column":92}},"13":{"start":{"line":28,"column":94},"end":{"line":28,"column":474}},"14":{"start":{"line":28,"column":147},"end":{"line":28,"column":188}},"15":{"start":{"line":28,"column":198},"end":{"line":28,"column":405}},"16":{"start":{"line":28,"column":247},"end":{"line":28,"column":297}},"17":{"start":{"line":28,"column":299},"end":{"line":28,"column":355}},"18":{"start":{"line":28,"column":365},"end":{"line":28,"column":403}},"19":{"start":{"line":28,"column":406},"end":{"line":28,"column":471}},"20":{"start":{"line":30,"column":39},"end":{"line":30,"column":110}},"21":{"start":{"line":30,"column":97},"end":{"line":30,"column":110}},"22":{"start":{"line":30,"column":111},"end":{"line":30,"column":152}},"23":{"start":{"line":30,"column":139},"end":{"line":30,"column":152}},"24":{"start":{"line":30,"column":153},"end":{"line":30,"column":198}},"25":{"start":{"line":30,"column":186},"end":{"line":30,"column":198}},"26":{"start":{"line":30,"column":199},"end":{"line":30,"column":322}},"27":{"start":{"line":30,"column":205},"end":{"line":30,"column":279}},"28":{"start":{"line":30,"column":280},"end":{"line":30,"column":292}},"29":{"start":{"line":30,"column":307},"end":{"line":30,"column":320}},"30":{"start":{"line":32,"column":34},"end":{"line":106,"column":23}},"31":{"start":{"line":33,"column":2},"end":{"line":33,"column":55}},"32":{"start":{"line":35,"column":15},"end":{"line":35,"column":43}},"33":{"start":{"line":38,"column":4},"end":{"line":38,"column":59}},"34":{"start":{"line":39,"column":4},"end":{"line":39,"column":29}},"35":{"start":{"line":42,"column":2},"end":{"line":104,"column":6}},"36":{"start":{"line":45,"column":26},"end":{"line":65,"column":9}},"37":{"start":{"line":47,"column":8},"end":{"line":64,"column":26}},"38":{"start":{"line":48,"column":10},"end":{"line":63,"column":11}},"39":{"start":{"line":49,"column":12},"end":{"line":62,"column":13}},"40":{"start":{"line":51,"column":16},"end":{"line":51,"column":137}},"41":{"start":{"line":52,"column":16},"end":{"line":52,"column":32}},"42":{"start":{"line":53,"column":16},"end":{"line":53,"column":34}},"43":{"start":{"line":54,"column":16},"end":{"line":54,"column":52}},"44":{"start":{"line":57,"column":16},"end":{"line":57,"column":64}},"45":{"start":{"line":61,"column":16},"end":{"line":61,"column":39}},"46":{"start":{"line":68,"column":8},"end":{"line":68,"column":52}},"47":{"start":{"line":71,"column":6},"end":{"line":71,"column":26}},"48":{"start":{"line":76,"column":23},"end":{"line":96,"column":9}},"49":{"start":{"line":78,"column":8},"end":{"line":95,"column":27}},"50":{"start":{"line":79,"column":10},"end":{"line":94,"column":11}},"51":{"start":{"line":80,"column":12},"end":{"line":93,"column":13}},"52":{"start":{"line":82,"column":16},"end":{"line":82,"column":137}},"53":{"start":{"line":83,"column":16},"end":{"line":83,"column":32}},"54":{"start":{"line":84,"column":16},"end":{"line":84,"column":35}},"55":{"start":{"line":85,"column":16},"end":{"line":85,"column":45}},"56":{"start":{"line":88,"column":16},"end":{"line":88,"column":66}},"57":{"start":{"line":92,"column":16},"end":{"line":92,"column":40}},"58":{"start":{"line":99,"column":8},"end":{"line":99,"column":49}},"59":{"start":{"line":102,"column":6},"end":{"line":102,"column":23}},"60":{"start":{"line":105,"column":2},"end":{"line":105,"column":24}},"61":{"start":{"line":109,"column":15},"end":{"line":109,"column":29}},"62":{"start":{"line":110,"column":0},"end":{"line":110,"column":30}}},"fnMap":{"0":{"name":"_createSuper","decl":{"start":{"line":28,"column":9},"end":{"line":28,"column":21}},"loc":{"start":{"line":28,"column":31},"end":{"line":28,"column":476}},"line":28},"1":{"name":"_createSuperInternal","decl":{"start":{"line":28,"column":110},"end":{"line":28,"column":130}},"loc":{"start":{"line":28,"column":133},"end":{"line":28,"column":473}},"line":28},"2":{"name":"_isNativeReflectConstruct","decl":{"start":{"line":30,"column":9},"end":{"line":30,"column":34}},"loc":{"start":{"line":30,"column":37},"end":{"line":30,"column":324}},"line":30},"3":{"name":"(anonymous_3)","decl":{"start":{"line":30,"column":262},"end":{"line":30,"column":263}},"loc":{"start":{"line":30,"column":274},"end":{"line":30,"column":276}},"line":30},"4":{"name":"(anonymous_4)","decl":{"start":{"line":32,"column":34},"end":{"line":32,"column":35}},"loc":{"start":{"line":32,"column":54},"end":{"line":106,"column":1}},"line":32},"5":{"name":"AuthController","decl":{"start":{"line":37,"column":11},"end":{"line":37,"column":25}},"loc":{"start":{"line":37,"column":28},"end":{"line":40,"column":3}},"line":37},"6":{"name":"(anonymous_6)","decl":{"start":{"line":44,"column":11},"end":{"line":44,"column":12}},"loc":{"start":{"line":44,"column":23},"end":{"line":72,"column":5}},"line":44},"7":{"name":"_callee","decl":{"start":{"line":45,"column":113},"end":{"line":45,"column":120}},"loc":{"start":{"line":45,"column":131},"end":{"line":65,"column":7}},"line":45},"8":{"name":"_callee$","decl":{"start":{"line":47,"column":53},"end":{"line":47,"column":61}},"loc":{"start":{"line":47,"column":72},"end":{"line":64,"column":9}},"line":47},"9":{"name":"userRegister","decl":{"start":{"line":67,"column":15},"end":{"line":67,"column":27}},"loc":{"start":{"line":67,"column":37},"end":{"line":69,"column":7}},"line":67},"10":{"name":"(anonymous_10)","decl":{"start":{"line":75,"column":11},"end":{"line":75,"column":12}},"loc":{"start":{"line":75,"column":23},"end":{"line":103,"column":5}},"line":75},"11":{"name":"_callee2","decl":{"start":{"line":76,"column":110},"end":{"line":76,"column":118}},"loc":{"start":{"line":76,"column":129},"end":{"line":96,"column":7}},"line":76},"12":{"name":"_callee2$","decl":{"start":{"line":78,"column":53},"end":{"line":78,"column":62}},"loc":{"start":{"line":78,"column":74},"end":{"line":95,"column":9}},"line":78},"13":{"name":"userLogin","decl":{"start":{"line":98,"column":15},"end":{"line":98,"column":24}},"loc":{"start":{"line":98,"column":35},"end":{"line":100,"column":7}},"line":98}},"branchMap":{"0":{"loc":{"start":{"line":28,"column":198},"end":{"line":28,"column":405}},"type":"if","locations":[{"start":{"line":28,"column":198},"end":{"line":28,"column":405}},{"start":{"line":28,"column":198},"end":{"line":28,"column":405}}],"line":28},"1":{"loc":{"start":{"line":30,"column":39},"end":{"line":30,"column":110}},"type":"if","locations":[{"start":{"line":30,"column":39},"end":{"line":30,"column":110}},{"start":{"line":30,"column":39},"end":{"line":30,"column":110}}],"line":30},"2":{"loc":{"start":{"line":30,"column":43},"end":{"line":30,"column":95}},"type":"binary-expr","locations":[{"start":{"line":30,"column":43},"end":{"line":30,"column":73}},{"start":{"line":30,"column":77},"end":{"line":30,"column":95}}],"line":30},"3":{"loc":{"start":{"line":30,"column":111},"end":{"line":30,"column":152}},"type":"if","locations":[{"start":{"line":30,"column":111},"end":{"line":30,"column":152}},{"start":{"line":30,"column":111},"end":{"line":30,"column":152}}],"line":30},"4":{"loc":{"start":{"line":30,"column":153},"end":{"line":30,"column":198}},"type":"if","locations":[{"start":{"line":30,"column":153},"end":{"line":30,"column":198}},{"start":{"line":30,"column":153},"end":{"line":30,"column":198}}],"line":30},"5":{"loc":{"start":{"line":49,"column":12},"end":{"line":62,"column":13}},"type":"switch","locations":[{"start":{"line":50,"column":14},"end":{"line":54,"column":52}},{"start":{"line":56,"column":14},"end":{"line":57,"column":64}},{"start":{"line":59,"column":14},"end":{"line":59,"column":21}},{"start":{"line":60,"column":14},"end":{"line":61,"column":39}}],"line":49},"6":{"loc":{"start":{"line":80,"column":12},"end":{"line":93,"column":13}},"type":"switch","locations":[{"start":{"line":81,"column":14},"end":{"line":85,"column":45}},{"start":{"line":87,"column":14},"end":{"line":88,"column":66}},{"start":{"line":90,"column":14},"end":{"line":90,"column":21}},{"start":{"line":91,"column":14},"end":{"line":92,"column":40}}],"line":80}},"s":{"0":1,"1":1,"2":1,"3":1,"4":1,"5":1,"6":1,"7":1,"8":1,"9":1,"10":1,"11":1,"12":1,"13":1,"14":2,"15":2,"16":2,"17":2,"18":0,"19":2,"20":1,"21":0,"22":1,"23":0,"24":1,"25":1,"26":0,"27":0,"28":0,"29":0,"30":1,"31":1,"32":1,"33":2,"34":2,"35":1,"36":1,"37":2,"38":6,"39":6,"40":2,"41":2,"42":2,"43":2,"44":2,"45":2,"46":2,"47":1,"48":1,"49":3,"50":9,"51":9,"52":3,"53":3,"54":3,"55":3,"56":3,"57":3,"58":3,"59":1,"60":1,"61":1,"62":1},"f":{"0":1,"1":2,"2":1,"3":0,"4":1,"5":2,"6":1,"7":2,"8":6,"9":2,"10":1,"11":3,"12":9,"13":3},"b":{"0":[2,0],"1":[0,1],"2":[1,1],"3":[0,1],"4":[1,0],"5":[2,2,0,2],"6":[3,3,0,3]},"inputSourceMap":{"version":3,"sources":["auth.controller.js"],"names":["AuthController","req","res","auth","body","userRegister","login","Service"],"mappings":";;;;;;;;;;;;;;;;;;;;;;;;;AAAA;;;;;;IAGMA,c;;;;;AACF,4BAAa;AAAA;AAAA;AAGZ;;;;;yHAEkBC,G,EAAIC,G;;;;;;AAEbC,gBAAAA,I;AACAC,gBAAAA,I,GAAOH,GAAG,CAACG,I;;uBAEJD,IAAI,CAACE,YAAL,CAAkBH,GAAlB,EAAuBE,IAAvB,C;;;;;;;;;;;;;;;;;;;;;;uHAKDH,G,EAAIC,G;;;;;;AAEVC,gBAAAA,I;AACAC,gBAAAA,I,GAAOH,GAAG,CAACG,I;;uBAEJD,IAAI,CAACG,KAAL,CAAWJ,GAAX,EAAgBE,IAAhB,C;;;;;;;;;;;;;;;;;;;;;EArBQG,oB;;AAyB5B;eAGcP,c","sourceRoot":"/Users/apple/Documents/research/nepstcc/src/server/controllers/","sourcesContent":["import Service from '../services/default.service';\n\n\nclass AuthController extends Service {\n    constructor(){\n        super();\n\n    };\n\n    async userRegister(req,res) {\n\n        const auth = super.authService();\n        const body = req.body;\n\n        return await auth.userRegister(res, body);\n\n    };\n\n\n    async userLogin(req,res) {\n\n        const auth = super.authService();\n        const body = req.body;\n\n        return await auth.login(res, body);\n        \n    }\n\n};\n\n\nexport default AuthController;"]},"_coverageSchema":"1a1c01bbd47fc00a2c39e90264f33305004495a9","hash":"50179ab66e0a5eacdd71ec495034f92e85dd980a","contentHash":"64d64062c1a5845a7d08b3595128e59b6d3ac6cb8a977f5a4ae240fbebed6248"},"/Users/apple/Documents/research/nepstcc/src/server/services/default.service.js":{"path":"/Users/apple/Documents/research/nepstcc/src/server/services/default.service.js","statementMap":{"0":{"start":{"line":3,"column":29},"end":{"line":3,"column":84}},"1":{"start":{"line":5,"column":0},"end":{"line":7,"column":3}},"2":{"start":{"line":8,"column":0},"end":{"line":8,"column":28}},"3":{"start":{"line":10,"column":23},"end":{"line":10,"column":95}},"4":{"start":{"line":12,"column":20},"end":{"line":12,"column":89}},"5":{"start":{"line":14,"column":12},"end":{"line":14,"column":61}},"6":{"start":{"line":16,"column":12},"end":{"line":16,"column":61}},"7":{"start":{"line":18,"column":12},"end":{"line":18,"column":61}},"8":{"start":{"line":20,"column":27},"end":{"line":42,"column":3}},"9":{"start":{"line":22,"column":4},"end":{"line":22,"column":52}},"10":{"start":{"line":25,"column":2},"end":{"line":40,"column":6}},"11":{"start":{"line":28,"column":6},"end":{"line":28,"column":36}},"12":{"start":{"line":33,"column":6},"end":{"line":33,"column":36}},"13":{"start":{"line":38,"column":6},"end":{"line":38,"column":36}},"14":{"start":{"line":41,"column":2},"end":{"line":41,"column":17}},"15":{"start":{"line":45,"column":15},"end":{"line":45,"column":22}},"16":{"start":{"line":46,"column":0},"end":{"line":46,"column":30}}},"fnMap":{"0":{"name":"(anonymous_0)","decl":{"start":{"line":20,"column":27},"end":{"line":20,"column":28}},"loc":{"start":{"line":20,"column":39},"end":{"line":42,"column":1}},"line":20},"1":{"name":"Service","decl":{"start":{"line":21,"column":11},"end":{"line":21,"column":18}},"loc":{"start":{"line":21,"column":21},"end":{"line":23,"column":3}},"line":21},"2":{"name":"bookService","decl":{"start":{"line":27,"column":20},"end":{"line":27,"column":31}},"loc":{"start":{"line":27,"column":34},"end":{"line":29,"column":5}},"line":27},"3":{"name":"authService","decl":{"start":{"line":32,"column":20},"end":{"line":32,"column":31}},"loc":{"start":{"line":32,"column":34},"end":{"line":34,"column":5}},"line":32},"4":{"name":"userService","decl":{"start":{"line":37,"column":20},"end":{"line":37,"column":31}},"loc":{"start":{"line":37,"column":34},"end":{"line":39,"column":5}},"line":37}},"branchMap":{},"s":{"0":1,"1":1,"2":1,"3":1,"4":1,"5":1,"6":1,"7":1,"8":1,"9":3,"10":1,"11":2,"12":5,"13":0,"14":1,"15":1,"16":1},"f":{"0":1,"1":3,"2":2,"3":5,"4":0},"b":{},"inputSourceMap":{"version":3,"sources":["default.service.js"],"names":["Service","BookService","AuthService","UserService"],"mappings":";;;;;;;;;;;;;AAAA;;AACA;;AACA;;IAGMA,O;;;;;;;kCACW;AACT,aAAO,IAAIC,gBAAJ,EAAP;AACH;;;kCAEa;AACV,aAAO,IAAIC,gBAAJ,EAAP;AACH;;;kCAEY;AACT,aAAO,IAAIC,gBAAJ,EAAP;AACH;;;;;AAEJ;eAEcH,O","sourceRoot":"/Users/apple/Documents/research/nepstcc/src/server/services/","sourcesContent":["import AuthService from './auth.service';\nimport BookService from './book.service';\nimport UserService from './user.service';\n\n\nclass Service {\n    bookService(){\n        return new BookService();\n    }\n\n    authService() {\n        return new AuthService();\n    };\n\n    userService(){\n        return new UserService();\n    };\n\n};\n\nexport default Service;"]},"_coverageSchema":"1a1c01bbd47fc00a2c39e90264f33305004495a9","hash":"ce4a474364a89c0ce5919c6727e5b24216b6c941","contentHash":"a1d00a55c49d412ce0887431fbb3cbe123337c50f7d302bea9430df159d45ae1"},"/Users/apple/Documents/research/nepstcc/src/server/services/auth.service.js":{"path":"/Users/apple/Documents/research/nepstcc/src/server/services/auth.service.js","statementMap":{"0":{"start":{"line":3,"column":29},"end":{"line":3,"column":84}},"1":{"start":{"line":5,"column":0},"end":{"line":7,"column":3}},"2":{"start":{"line":8,"column":0},"end":{"line":8,"column":28}},"3":{"start":{"line":10,"column":23},"end":{"line":10,"column":95}},"4":{"start":{"line":12,"column":19},"end":{"line":12,"column":80}},"5":{"start":{"line":14,"column":25},"end":{"line":14,"column":99}},"6":{"start":{"line":16,"column":23},"end":{"line":16,"column":95}},"7":{"start":{"line":18,"column":20},"end":{"line":18,"column":89}},"8":{"start":{"line":20,"column":11},"end":{"line":20,"column":59}},"9":{"start":{"line":22,"column":14},"end":{"line":22,"column":55}},"10":{"start":{"line":24,"column":13},"end":{"line":24,"column":63}},"11":{"start":{"line":26,"column":22},"end":{"line":26,"column":80}},"12":{"start":{"line":28,"column":54},"end":{"line":28,"column":73}},"13":{"start":{"line":28,"column":75},"end":{"line":28,"column":326}},"14":{"start":{"line":28,"column":125},"end":{"line":28,"column":161}},"15":{"start":{"line":28,"column":163},"end":{"line":28,"column":292}},"16":{"start":{"line":28,"column":183},"end":{"line":28,"column":292}},"17":{"start":{"line":28,"column":225},"end":{"line":28,"column":288}},"18":{"start":{"line":28,"column":293},"end":{"line":28,"column":324}},"19":{"start":{"line":28,"column":327},"end":{"line":28,"column":339}},"20":{"start":{"line":30,"column":33},"end":{"line":30,"column":534}},"21":{"start":{"line":30,"column":46},"end":{"line":30,"column":47}},"22":{"start":{"line":30,"column":91},"end":{"line":30,"column":131}},"23":{"start":{"line":30,"column":133},"end":{"line":30,"column":532}},"24":{"start":{"line":30,"column":146},"end":{"line":30,"column":264}},"25":{"start":{"line":30,"column":201},"end":{"line":30,"column":260}},"26":{"start":{"line":30,"column":272},"end":{"line":30,"column":532}},"27":{"start":{"line":30,"column":312},"end":{"line":30,"column":386}},"28":{"start":{"line":30,"column":396},"end":{"line":30,"column":530}},"29":{"start":{"line":30,"column":445},"end":{"line":30,"column":526}},"30":{"start":{"line":30,"column":535},"end":{"line":30,"column":549}},"31":{"start":{"line":32,"column":31},"end":{"line":335,"column":3}},"32":{"start":{"line":34,"column":4},"end":{"line":34,"column":56}},"33":{"start":{"line":35,"column":4},"end":{"line":35,"column":37}},"34":{"start":{"line":36,"column":4},"end":{"line":36,"column":47}},"35":{"start":{"line":37,"column":4},"end":{"line":37,"column":49}},"36":{"start":{"line":40,"column":2},"end":{"line":333,"column":6}},"37":{"start":{"line":43,"column":27},"end":{"line":62,"column":9}},"38":{"start":{"line":45,"column":8},"end":{"line":61,"column":26}},"39":{"start":{"line":46,"column":10},"end":{"line":60,"column":11}},"40":{"start":{"line":47,"column":12},"end":{"line":59,"column":13}},"41":{"start":{"line":49,"column":16},"end":{"line":49,"column":34}},"42":{"start":{"line":50,"column":16},"end":{"line":50,"column":50}},"43":{"start":{"line":53,"column":16},"end":{"line":53,"column":38}},"44":{"start":{"line":54,"column":16},"end":{"line":54,"column":56}},"45":{"start":{"line":58,"column":16},"end":{"line":58,"column":39}},"46":{"start":{"line":65,"column":8},"end":{"line":65,"column":53}},"47":{"start":{"line":68,"column":6},"end":{"line":68,"column":27}},"48":{"start":{"line":73,"column":26},"end":{"line":88,"column":9}},"49":{"start":{"line":75,"column":8},"end":{"line":87,"column":21}},"50":{"start":{"line":76,"column":10},"end":{"line":86,"column":11}},"51":{"start":{"line":77,"column":12},"end":{"line":85,"column":13}},"52":{"start":{"line":79,"column":16},"end":{"line":79,"column":73}},"53":{"start":{"line":80,"column":16},"end":{"line":80,"column":64}},"54":{"start":{"line":84,"column":16},"end":{"line":84,"column":40}},"55":{"start":{"line":91,"column":8},"end":{"line":91,"column":52}},"56":{"start":{"line":94,"column":6},"end":{"line":94,"column":26}},"57":{"start":{"line":99,"column":26},"end":{"line":146,"column":9}},"58":{"start":{"line":101,"column":8},"end":{"line":145,"column":27}},"59":{"start":{"line":102,"column":10},"end":{"line":144,"column":11}},"60":{"start":{"line":103,"column":12},"end":{"line":143,"column":13}},"61":{"start":{"line":105,"column":16},"end":{"line":105,"column":61}},"62":{"start":{"line":106,"column":16},"end":{"line":106,"column":35}},"63":{"start":{"line":107,"column":16},"end":{"line":107,"column":53}},"64":{"start":{"line":110,"column":16},"end":{"line":110,"column":44}},"65":{"start":{"line":112,"column":16},"end":{"line":115,"column":17}},"66":{"start":{"line":113,"column":18},"end":{"line":113,"column":37}},"67":{"start":{"line":114,"column":18},"end":{"line":114,"column":24}},"68":{"start":{"line":117,"column":16},"end":{"line":117,"column":89}},"69":{"start":{"line":118,"column":16},"end":{"line":118,"column":76}},"70":{"start":{"line":123,"column":16},"end":{"line":123,"column":36}},"71":{"start":{"line":124,"column":16},"end":{"line":124,"column":51}},"72":{"start":{"line":127,"column":16},"end":{"line":127,"column":46}},"73":{"start":{"line":128,"column":16},"end":{"line":128,"column":36}},"74":{"start":{"line":129,"column":16},"end":{"line":131,"column":20}},"75":{"start":{"line":134,"column":16},"end":{"line":134,"column":41}},"76":{"start":{"line":137,"column":16},"end":{"line":137,"column":68}},"77":{"start":{"line":138,"column":16},"end":{"line":138,"column":76}},"78":{"start":{"line":142,"column":16},"end":{"line":142,"column":40}},"79":{"start":{"line":149,"column":8},"end":{"line":149,"column":52}},"80":{"start":{"line":152,"column":6},"end":{"line":152,"column":26}},"81":{"start":{"line":157,"column":31},"end":{"line":204,"column":9}},"82":{"start":{"line":158,"column":20},"end":{"line":158,"column":24}},"83":{"start":{"line":160,"column":8},"end":{"line":203,"column":21}},"84":{"start":{"line":161,"column":10},"end":{"line":202,"column":11}},"85":{"start":{"line":162,"column":12},"end":{"line":201,"column":13}},"86":{"start":{"line":164,"column":16},"end":{"line":196,"column":22}},"87":{"start":{"line":165,"column":29},"end":{"line":191,"column":21}},"88":{"start":{"line":167,"column":20},"end":{"line":190,"column":33}},"89":{"start":{"line":168,"column":22},"end":{"line":189,"column":23}},"90":{"start":{"line":169,"column":24},"end":{"line":188,"column":25}},"91":{"start":{"line":171,"column":28},"end":{"line":171,"column":47}},"92":{"start":{"line":172,"column":28},"end":{"line":178,"column":31}},"93":{"start":{"line":177,"column":30},"end":{"line":177,"column":42}},"94":{"start":{"line":181,"column":28},"end":{"line":181,"column":51}},"95":{"start":{"line":182,"column":28},"end":{"line":182,"column":43}},"96":{"start":{"line":187,"column":28},"end":{"line":187,"column":52}},"97":{"start":{"line":193,"column":18},"end":{"line":195,"column":20}},"98":{"start":{"line":194,"column":20},"end":{"line":194,"column":55}},"99":{"start":{"line":200,"column":16},"end":{"line":200,"column":40}},"100":{"start":{"line":207,"column":8},"end":{"line":207,"column":57}},"101":{"start":{"line":210,"column":6},"end":{"line":210,"column":31}},"102":{"start":{"line":215,"column":29},"end":{"line":244,"column":9}},"103":{"start":{"line":217,"column":8},"end":{"line":243,"column":27}},"104":{"start":{"line":218,"column":10},"end":{"line":242,"column":11}},"105":{"start":{"line":219,"column":12},"end":{"line":241,"column":13}},"106":{"start":{"line":221,"column":16},"end":{"line":221,"column":35}},"107":{"start":{"line":222,"column":16},"end":{"line":226,"column":19}},"108":{"start":{"line":229,"column":16},"end":{"line":229,"column":42}},"109":{"start":{"line":231,"column":16},"end":{"line":233,"column":17}},"110":{"start":{"line":232,"column":18},"end":{"line":232,"column":96}},"111":{"start":{"line":236,"column":16},"end":{"line":236,"column":67}},"112":{"start":{"line":240,"column":16},"end":{"line":240,"column":40}},"113":{"start":{"line":247,"column":8},"end":{"line":247,"column":55}},"114":{"start":{"line":250,"column":6},"end":{"line":250,"column":29}},"115":{"start":{"line":255,"column":19},"end":{"line":318,"column":9}},"116":{"start":{"line":257,"column":8},"end":{"line":317,"column":27}},"117":{"start":{"line":258,"column":10},"end":{"line":316,"column":11}},"118":{"start":{"line":259,"column":12},"end":{"line":315,"column":13}},"119":{"start":{"line":261,"column":16},"end":{"line":261,"column":61}},"120":{"start":{"line":262,"column":16},"end":{"line":262,"column":35}},"121":{"start":{"line":263,"column":16},"end":{"line":263,"column":47}},"122":{"start":{"line":266,"column":16},"end":{"line":266,"column":46}},"123":{"start":{"line":268,"column":16},"end":{"line":271,"column":17}},"124":{"start":{"line":269,"column":18},"end":{"line":269,"column":37}},"125":{"start":{"line":270,"column":18},"end":{"line":270,"column":24}},"126":{"start":{"line":273,"column":16},"end":{"line":273,"column":59}},"127":{"start":{"line":274,"column":16},"end":{"line":274,"column":36}},"128":{"start":{"line":275,"column":16},"end":{"line":275,"column":50}},"129":{"start":{"line":278,"column":16},"end":{"line":278,"column":36}},"130":{"start":{"line":279,"column":16},"end":{"line":279,"column":61}},"131":{"start":{"line":282,"column":16},"end":{"line":282,"column":49}},"132":{"start":{"line":284,"column":16},"end":{"line":287,"column":17}},"133":{"start":{"line":285,"column":18},"end":{"line":285,"column":38}},"134":{"start":{"line":286,"column":18},"end":{"line":286,"column":24}},"135":{"start":{"line":289,"column":16},"end":{"line":289,"column":36}},"136":{"start":{"line":290,"column":16},"end":{"line":294,"column":19}},"137":{"start":{"line":297,"column":16},"end":{"line":297,"column":42}},"138":{"start":{"line":298,"column":16},"end":{"line":298,"column":36}},"139":{"start":{"line":299,"column":16},"end":{"line":299,"column":71}},"140":{"start":{"line":302,"column":16},"end":{"line":302,"column":39}},"141":{"start":{"line":303,"column":16},"end":{"line":305,"column":19}},"142":{"start":{"line":306,"column":16},"end":{"line":306,"column":71}},"143":{"start":{"line":309,"column":16},"end":{"line":309,"column":83}},"144":{"start":{"line":310,"column":16},"end":{"line":310,"column":71}},"145":{"start":{"line":314,"column":16},"end":{"line":314,"column":40}},"146":{"start":{"line":321,"column":8},"end":{"line":321,"column":45}},"147":{"start":{"line":324,"column":6},"end":{"line":324,"column":19}},"148":{"start":{"line":329,"column":18},"end":{"line":329,"column":28}},"149":{"start":{"line":330,"column":25},"end":{"line":330,"column":54}},"150":{"start":{"line":331,"column":6},"end":{"line":331,"column":26}},"151":{"start":{"line":334,"column":2},"end":{"line":334,"column":21}},"152":{"start":{"line":338,"column":15},"end":{"line":338,"column":26}},"153":{"start":{"line":339,"column":0},"end":{"line":339,"column":30}}},"fnMap":{"0":{"name":"ownKeys","decl":{"start":{"line":28,"column":9},"end":{"line":28,"column":16}},"loc":{"start":{"line":28,"column":41},"end":{"line":28,"column":341}},"line":28},"1":{"name":"(anonymous_1)","decl":{"start":{"line":28,"column":208},"end":{"line":28,"column":209}},"loc":{"start":{"line":28,"column":223},"end":{"line":28,"column":290}},"line":28},"2":{"name":"_objectSpread","decl":{"start":{"line":30,"column":9},"end":{"line":30,"column":22}},"loc":{"start":{"line":30,"column":31},"end":{"line":30,"column":551}},"line":30},"3":{"name":"(anonymous_3)","decl":{"start":{"line":30,"column":184},"end":{"line":30,"column":185}},"loc":{"start":{"line":30,"column":199},"end":{"line":30,"column":262}},"line":30},"4":{"name":"(anonymous_4)","decl":{"start":{"line":30,"column":428},"end":{"line":30,"column":429}},"loc":{"start":{"line":30,"column":443},"end":{"line":30,"column":528}},"line":30},"5":{"name":"(anonymous_5)","decl":{"start":{"line":32,"column":31},"end":{"line":32,"column":32}},"loc":{"start":{"line":32,"column":43},"end":{"line":335,"column":1}},"line":32},"6":{"name":"AuthService","decl":{"start":{"line":33,"column":11},"end":{"line":33,"column":22}},"loc":{"start":{"line":33,"column":25},"end":{"line":38,"column":3}},"line":33},"7":{"name":"(anonymous_7)","decl":{"start":{"line":42,"column":11},"end":{"line":42,"column":12}},"loc":{"start":{"line":42,"column":23},"end":{"line":69,"column":5}},"line":42},"8":{"name":"_callee","decl":{"start":{"line":43,"column":114},"end":{"line":43,"column":121}},"loc":{"start":{"line":43,"column":128},"end":{"line":62,"column":7}},"line":43},"9":{"name":"_callee$","decl":{"start":{"line":45,"column":53},"end":{"line":45,"column":61}},"loc":{"start":{"line":45,"column":72},"end":{"line":61,"column":9}},"line":45},"10":{"name":"generateToken","decl":{"start":{"line":64,"column":15},"end":{"line":64,"column":28}},"loc":{"start":{"line":64,"column":33},"end":{"line":66,"column":7}},"line":64},"11":{"name":"(anonymous_11)","decl":{"start":{"line":72,"column":11},"end":{"line":72,"column":12}},"loc":{"start":{"line":72,"column":23},"end":{"line":95,"column":5}},"line":72},"12":{"name":"_callee2","decl":{"start":{"line":73,"column":113},"end":{"line":73,"column":121}},"loc":{"start":{"line":73,"column":132},"end":{"line":88,"column":7}},"line":73},"13":{"name":"_callee2$","decl":{"start":{"line":75,"column":53},"end":{"line":75,"column":62}},"loc":{"start":{"line":75,"column":74},"end":{"line":87,"column":9}},"line":75},"14":{"name":"hashPassword","decl":{"start":{"line":90,"column":15},"end":{"line":90,"column":27}},"loc":{"start":{"line":90,"column":33},"end":{"line":92,"column":7}},"line":90},"15":{"name":"(anonymous_15)","decl":{"start":{"line":98,"column":11},"end":{"line":98,"column":12}},"loc":{"start":{"line":98,"column":23},"end":{"line":153,"column":5}},"line":98},"16":{"name":"_callee3","decl":{"start":{"line":99,"column":113},"end":{"line":99,"column":121}},"loc":{"start":{"line":99,"column":138},"end":{"line":146,"column":7}},"line":99},"17":{"name":"_callee3$","decl":{"start":{"line":101,"column":53},"end":{"line":101,"column":62}},"loc":{"start":{"line":101,"column":74},"end":{"line":145,"column":9}},"line":101},"18":{"name":"userRegister","decl":{"start":{"line":148,"column":15},"end":{"line":148,"column":27}},"loc":{"start":{"line":148,"column":38},"end":{"line":150,"column":7}},"line":148},"19":{"name":"(anonymous_19)","decl":{"start":{"line":156,"column":11},"end":{"line":156,"column":12}},"loc":{"start":{"line":156,"column":23},"end":{"line":211,"column":5}},"line":156},"20":{"name":"_callee5","decl":{"start":{"line":157,"column":118},"end":{"line":157,"column":126}},"loc":{"start":{"line":157,"column":134},"end":{"line":204,"column":7}},"line":157},"21":{"name":"_callee5$","decl":{"start":{"line":160,"column":53},"end":{"line":160,"column":62}},"loc":{"start":{"line":160,"column":74},"end":{"line":203,"column":9}},"line":160},"22":{"name":"(anonymous_22)","decl":{"start":{"line":164,"column":76},"end":{"line":164,"column":77}},"loc":{"start":{"line":164,"column":88},"end":{"line":196,"column":17}},"line":164},"23":{"name":"_callee4","decl":{"start":{"line":165,"column":116},"end":{"line":165,"column":124}},"loc":{"start":{"line":165,"column":142},"end":{"line":191,"column":19}},"line":165},"24":{"name":"_callee4$","decl":{"start":{"line":167,"column":65},"end":{"line":167,"column":74}},"loc":{"start":{"line":167,"column":86},"end":{"line":190,"column":21}},"line":167},"25":{"name":"(anonymous_25)","decl":{"start":{"line":176,"column":31},"end":{"line":176,"column":32}},"loc":{"start":{"line":176,"column":52},"end":{"line":178,"column":29}},"line":176},"26":{"name":"(anonymous_26)","decl":{"start":{"line":193,"column":25},"end":{"line":193,"column":26}},"loc":{"start":{"line":193,"column":45},"end":{"line":195,"column":19}},"line":193},"27":{"name":"checkIfEmailExist","decl":{"start":{"line":206,"column":15},"end":{"line":206,"column":32}},"loc":{"start":{"line":206,"column":38},"end":{"line":208,"column":7}},"line":206},"28":{"name":"(anonymous_28)","decl":{"start":{"line":214,"column":11},"end":{"line":214,"column":12}},"loc":{"start":{"line":214,"column":23},"end":{"line":251,"column":5}},"line":214},"29":{"name":"_callee6","decl":{"start":{"line":215,"column":116},"end":{"line":215,"column":124}},"loc":{"start":{"line":215,"column":142},"end":{"line":244,"column":7}},"line":215},"30":{"name":"_callee6$","decl":{"start":{"line":217,"column":53},"end":{"line":217,"column":62}},"loc":{"start":{"line":217,"column":74},"end":{"line":243,"column":9}},"line":217},"31":{"name":"comparePassword","decl":{"start":{"line":246,"column":15},"end":{"line":246,"column":30}},"loc":{"start":{"line":246,"column":41},"end":{"line":248,"column":7}},"line":246},"32":{"name":"(anonymous_32)","decl":{"start":{"line":254,"column":11},"end":{"line":254,"column":12}},"loc":{"start":{"line":254,"column":23},"end":{"line":325,"column":5}},"line":254},"33":{"name":"_callee7","decl":{"start":{"line":255,"column":106},"end":{"line":255,"column":114}},"loc":{"start":{"line":255,"column":126},"end":{"line":318,"column":7}},"line":255},"34":{"name":"_callee7$","decl":{"start":{"line":257,"column":53},"end":{"line":257,"column":62}},"loc":{"start":{"line":257,"column":74},"end":{"line":317,"column":9}},"line":257},"35":{"name":"login","decl":{"start":{"line":320,"column":15},"end":{"line":320,"column":20}},"loc":{"start":{"line":320,"column":33},"end":{"line":322,"column":7}},"line":320},"36":{"name":"validateUser","decl":{"start":{"line":328,"column":20},"end":{"line":328,"column":32}},"loc":{"start":{"line":328,"column":39},"end":{"line":332,"column":5}},"line":328}},"branchMap":{"0":{"loc":{"start":{"line":28,"column":75},"end":{"line":28,"column":326}},"type":"if","locations":[{"start":{"line":28,"column":75},"end":{"line":28,"column":326}},{"start":{"line":28,"column":75},"end":{"line":28,"column":326}}],"line":28},"1":{"loc":{"start":{"line":28,"column":163},"end":{"line":28,"column":292}},"type":"if","locations":[{"start":{"line":28,"column":163},"end":{"line":28,"column":292}},{"start":{"line":28,"column":163},"end":{"line":28,"column":292}}],"line":28},"2":{"loc":{"start":{"line":30,"column":91},"end":{"line":30,"column":131}},"type":"cond-expr","locations":[{"start":{"line":30,"column":114},"end":{"line":30,"column":126}},{"start":{"line":30,"column":129},"end":{"line":30,"column":131}}],"line":30},"3":{"loc":{"start":{"line":30,"column":133},"end":{"line":30,"column":532}},"type":"if","locations":[{"start":{"line":30,"column":133},"end":{"line":30,"column":532}},{"start":{"line":30,"column":133},"end":{"line":30,"column":532}}],"line":30},"4":{"loc":{"start":{"line":30,"column":272},"end":{"line":30,"column":532}},"type":"if","locations":[{"start":{"line":30,"column":272},"end":{"line":30,"column":532}},{"start":{"line":30,"column":272},"end":{"line":30,"column":532}}],"line":30},"5":{"loc":{"start":{"line":47,"column":12},"end":{"line":59,"column":13}},"type":"switch","locations":[{"start":{"line":48,"column":14},"end":{"line":50,"column":50}},{"start":{"line":52,"column":14},"end":{"line":54,"column":56}},{"start":{"line":56,"column":14},"end":{"line":56,"column":21}},{"start":{"line":57,"column":14},"end":{"line":58,"column":39}}],"line":47},"6":{"loc":{"start":{"line":77,"column":12},"end":{"line":85,"column":13}},"type":"switch","locations":[{"start":{"line":78,"column":14},"end":{"line":80,"column":64}},{"start":{"line":82,"column":14},"end":{"line":82,"column":21}},{"start":{"line":83,"column":14},"end":{"line":84,"column":40}}],"line":77},"7":{"loc":{"start":{"line":103,"column":12},"end":{"line":143,"column":13}},"type":"switch","locations":[{"start":{"line":104,"column":14},"end":{"line":107,"column":53}},{"start":{"line":109,"column":14},"end":{"line":118,"column":76}},{"start":{"line":120,"column":14},"end":{"line":124,"column":51}},{"start":{"line":126,"column":14},"end":{"line":131,"column":20}},{"start":{"line":133,"column":14},"end":{"line":138,"column":76}},{"start":{"line":140,"column":14},"end":{"line":140,"column":22}},{"start":{"line":141,"column":14},"end":{"line":142,"column":40}}],"line":103},"8":{"loc":{"start":{"line":112,"column":16},"end":{"line":115,"column":17}},"type":"if","locations":[{"start":{"line":112,"column":16},"end":{"line":115,"column":17}},{"start":{"line":112,"column":16},"end":{"line":115,"column":17}}],"line":112},"9":{"loc":{"start":{"line":162,"column":12},"end":{"line":201,"column":13}},"type":"switch","locations":[{"start":{"line":163,"column":14},"end":{"line":196,"column":22}},{"start":{"line":198,"column":14},"end":{"line":198,"column":21}},{"start":{"line":199,"column":14},"end":{"line":200,"column":40}}],"line":162},"10":{"loc":{"start":{"line":169,"column":24},"end":{"line":188,"column":25}},"type":"switch","locations":[{"start":{"line":170,"column":26},"end":{"line":178,"column":31}},{"start":{"line":180,"column":26},"end":{"line":183,"column":29}},{"start":{"line":185,"column":26},"end":{"line":185,"column":33}},{"start":{"line":186,"column":26},"end":{"line":187,"column":52}}],"line":169},"11":{"loc":{"start":{"line":219,"column":12},"end":{"line":241,"column":13}},"type":"switch","locations":[{"start":{"line":220,"column":14},"end":{"line":226,"column":19}},{"start":{"line":228,"column":14},"end":{"line":236,"column":67}},{"start":{"line":238,"column":14},"end":{"line":238,"column":21}},{"start":{"line":239,"column":14},"end":{"line":240,"column":40}}],"line":219},"12":{"loc":{"start":{"line":231,"column":16},"end":{"line":233,"column":17}},"type":"if","locations":[{"start":{"line":231,"column":16},"end":{"line":233,"column":17}},{"start":{"line":231,"column":16},"end":{"line":233,"column":17}}],"line":231},"13":{"loc":{"start":{"line":259,"column":12},"end":{"line":315,"column":13}},"type":"switch","locations":[{"start":{"line":260,"column":14},"end":{"line":263,"column":47}},{"start":{"line":265,"column":14},"end":{"line":275,"column":50}},{"start":{"line":277,"column":14},"end":{"line":279,"column":61}},{"start":{"line":281,"column":14},"end":{"line":294,"column":19}},{"start":{"line":296,"column":14},"end":{"line":299,"column":71}},{"start":{"line":301,"column":14},"end":{"line":306,"column":71}},{"start":{"line":308,"column":14},"end":{"line":310,"column":71}},{"start":{"line":312,"column":14},"end":{"line":312,"column":22}},{"start":{"line":313,"column":14},"end":{"line":314,"column":40}}],"line":259},"14":{"loc":{"start":{"line":268,"column":16},"end":{"line":271,"column":17}},"type":"if","locations":[{"start":{"line":268,"column":16},"end":{"line":271,"column":17}},{"start":{"line":268,"column":16},"end":{"line":271,"column":17}}],"line":268},"15":{"loc":{"start":{"line":284,"column":16},"end":{"line":287,"column":17}},"type":"if","locations":[{"start":{"line":284,"column":16},"end":{"line":287,"column":17}},{"start":{"line":284,"column":16},"end":{"line":287,"column":17}}],"line":284}},"s":{"0":1,"1":1,"2":1,"3":1,"4":1,"5":1,"6":1,"7":1,"8":1,"9":1,"10":1,"11":1,"12":3,"13":3,"14":3,"15":3,"16":3,"17":0,"18":3,"19":3,"20":3,"21":3,"22":4,"23":4,"24":3,"25":10,"26":1,"27":1,"28":0,"29":0,"30":3,"31":1,"32":5,"33":5,"34":5,"35":5,"36":1,"37":1,"38":1,"39":3,"40":3,"41":1,"42":1,"43":1,"44":1,"45":1,"46":1,"47":1,"48":1,"49":1,"50":2,"51":2,"52":1,"53":1,"54":1,"55":1,"56":1,"57":1,"58":2,"59":8,"60":9,"61":2,"62":2,"63":2,"64":2,"65":2,"66":1,"67":1,"68":1,"69":1,"70":1,"71":1,"72":1,"73":1,"74":1,"75":1,"76":1,"77":1,"78":2,"79":2,"80":1,"81":1,"82":5,"83":5,"84":10,"85":10,"86":5,"87":5,"88":5,"89":10,"90":10,"91":5,"92":5,"93":0,"94":5,"95":5,"96":5,"97":5,"98":5,"99":5,"100":5,"101":1,"102":1,"103":2,"104":6,"105":6,"106":2,"107":2,"108":2,"109":2,"110":2,"111":2,"112":2,"113":2,"114":1,"115":1,"116":3,"117":13,"118":16,"119":3,"120":3,"121":3,"122":3,"123":3,"124":2,"125":2,"126":1,"127":1,"128":1,"129":2,"130":2,"131":2,"132":2,"13
[...]
:17}},"47":{"start":{"line":63,"column":18},"end":{"line":63,"column":68}},"48":{"start":{"line":65,"column":18},"end":{"line":65,"column":60}},"49":{"start":{"line":68,"column":16},"end":{"line":68,"column":65}},"50":{"start":{"line":71,"column":16},"end":{"line":71,"column":34}},"51":{"start":{"line":72,"column":16},"end":{"line":72,"column":51}},"52":{"start":{"line":73,"column":16},"end":{"line":73,"column":48}},"53":{"start":{"line":74,"column":16},"end":{"line":74,"column":65}},"54":{"start":{"line":78,"column":16},"end":{"line":78,"column":39}},"55":{"start":{"line":85,"column":8},"end":{"line":85,"column":51}},"56":{"start":{"line":88,"column":6},"end":{"line":88,"column":25}},"57":{"start":{"line":93,"column":24},"end":{"line":133,"column":9}},"58":{"start":{"line":96,"column":8},"end":{"line":132,"column":38}},"59":{"start":{"line":97,"column":10},"end":{"line":131,"column":11}},"60":{"start":{"line":98,"column":12},"end":{"line":130,"column":13}},"61":{"start":{"line":100,"column":16},"end":{"line":100,"column":124}},"62":{"start":{"line":102,"column":16},"end":{"line":105,"column":17}},"63":{"start":{"line":103,"column":18},"end":{"line":103,"column":37}},"64":{"start":{"line":104,"column":18},"end":{"line":104,"column":24}},"65":{"start":{"line":107,"column":16},"end":{"line":107,"column":69}},"66":{"start":{"line":108,"column":16},"end":{"line":108,"column":66}},"67":{"start":{"line":111,"column":16},"end":{"line":111,"column":35}},"68":{"start":{"line":112,"column":16},"end":{"line":112,"column":35}},"69":{"start":{"line":113,"column":16},"end":{"line":118,"column":19}},"70":{"start":{"line":114,"column":18},"end":{"line":114,"column":64}},"71":{"start":{"line":115,"column":18},"end":{"line":115,"column":40}},"72":{"start":{"line":117,"column":18},"end":{"line":117,"column":47}},"73":{"start":{"line":119,"column":16},"end":{"line":119,"column":63}},"74":{"start":{"line":122,"column":16},"end":{"line":122,"column":36}},"75":{"start":{"line":123,"column":16},"end":{"line":123,"column":53}},"76":{"start":{"line":124,"column":16},"end":{"line":124,"column":57}},"77":{"start":{"line":125,"column":16},"end":{"line":125,"column":66}},"78":{"start":{"line":129,"column":16},"end":{"line":129,"column":40}},"79":{"start":{"line":136,"column":8},"end":{"line":136,"column":50}},"80":{"start":{"line":139,"column":6},"end":{"line":139,"column":24}},"81":{"start":{"line":142,"column":2},"end":{"line":142,"column":24}},"82":{"start":{"line":146,"column":15},"end":{"line":146,"column":29}},"83":{"start":{"line":147,"column":0},"end":{"line":147,"column":30}}},"fnMap":{"0":{"name":"_createSuper","decl":{"start":{"line":30,"column":9},"end":{"line":30,"column":21}},"loc":{"start":{"line":30,"column":31},"end":{"line":30,"column":476}},"line":30},"1":{"name":"_createSuperInternal","decl":{"start":{"line":30,"column":110},"end":{"line":30,"column":130}},"loc":{"start":{"line":30,"column":133},"end":{"line":30,"column":473}},"line":30},"2":{"name":"_isNativeReflectConstruct","decl":{"start":{"line":32,"column":9},"end":{"line":32,"column":34}},"loc":{"start":{"line":32,"column":37},"end":{"line":32,"column":324}},"line":32},"3":{"name":"(anonymous_3)","decl":{"start":{"line":32,"column":262},"end":{"line":32,"column":263}},"loc":{"start":{"line":32,"column":274},"end":{"line":32,"column":276}},"line":32},"4":{"name":"(anonymous_4)","decl":{"start":{"line":36,"column":34},"end":{"line":36,"column":35}},"loc":{"start":{"line":36,"column":54},"end":{"line":143,"column":1}},"line":36},"5":{"name":"BookController","decl":{"start":{"line":41,"column":11},"end":{"line":41,"column":25}},"loc":{"start":{"line":41,"column":28},"end":{"line":44,"column":3}},"line":41},"6":{"name":"(anonymous_6)","decl":{"start":{"line":48,"column":11},"end":{"line":48,"column":12}},"loc":{"start":{"line":48,"column":23},"end":{"line":89,"column":5}},"line":48},"7":{"name":"_callee","decl":{"start":{"line":49,"column":112},"end":{"line":49,"column":119}},"loc":{"start":{"line":49,"column":130},"end":{"line":82,"column":7}},"line":49},"8":{"name":"_callee$","decl":{"start":{"line":51,"column":53},"end":{"line":51,"column":61}},"loc":{"start":{"line":51,"column":72},"end":{"line":81,"column":9}},"line":51},"9":{"name":"getAllBooks","decl":{"start":{"line":84,"column":15},"end":{"line":84,"column":26}},"loc":{"start":{"line":84,"column":36},"end":{"line":86,"column":7}},"line":84},"10":{"name":"(anonymous_10)","decl":{"start":{"line":92,"column":11},"end":{"line":92,"column":12}},"loc":{"start":{"line":92,"column":23},"end":{"line":140,"column":5}},"line":92},"11":{"name":"_callee2","decl":{"start":{"line":93,"column":111},"end":{"line":93,"column":119}},"loc":{"start":{"line":93,"column":130},"end":{"line":133,"column":7}},"line":93},"12":{"name":"_callee2$","decl":{"start":{"line":96,"column":53},"end":{"line":96,"column":62}},"loc":{"start":{"line":96,"column":74},"end":{"line":132,"column":9}},"line":96},"13":{"name":"(anonymous_13)","decl":{"start":{"line":113,"column":166},"end":{"line":113,"column":167}},"loc":{"start":{"line":113,"column":186},"end":{"line":116,"column":17}},"line":113},"14":{"name":"(anonymous_14)","decl":{"start":{"line":116,"column":28},"end":{"line":116,"column":29}},"loc":{"start":{"line":116,"column":41},"end":{"line":118,"column":17}},"line":116},"15":{"name":"addNewBook","decl":{"start":{"line":135,"column":15},"end":{"line":135,"column":25}},"loc":{"start":{"line":135,"column":36},"end":{"line":137,"column":7}},"line":135}},"branchMap":{"0":{"loc":{"start":{"line":30,"column":198},"end":{"line":30,"column":405}},"type":"if","locations":[{"start":{"line":30,"column":198},"end":{"line":30,"column":405}},{"start":{"line":30,"column":198},"end":{"line":30,"column":405}}],"line":30},"1":{"loc":{"start":{"line":32,"column":39},"end":{"line":32,"column":110}},"type":"if","locations":[{"start":{"line":32,"column":39},"end":{"line":32,"column":110}},{"start":{"line":32,"column":39},"end":{"line":32,"column":110}}],"line":32},"2":{"loc":{"start":{"line":32,"column":43},"end":{"line":32,"column":95}},"type":"binary-expr","locations":[{"start":{"line":32,"column":43},"end":{"line":32,"column":73}},{"start":{"line":32,"column":77},"end":{"line":32,"column":95}}],"line":32},"3":{"loc":{"start":{"line":32,"column":111},"end":{"line":32,"column":152}},"type":"if","locations":[{"start":{"line":32,"column":111},"end":{"line":32,"column":152}},{"start":{"line":32,"column":111},"end":{"line":32,"column":152}}],"line":32},"4":{"loc":{"start":{"line":32,"column":153},"end":{"line":32,"column":198}},"type":"if","locations":[{"start":{"line":32,"column":153},"end":{"line":32,"column":198}},{"start":{"line":32,"column":153},"end":{"line":32,"column":198}}],"line":32},"5":{"loc":{"start":{"line":53,"column":12},"end":{"line":79,"column":13}},"type":"switch","locations":[{"start":{"line":54,"column":14},"end":{"line":57,"column":151}},{"start":{"line":59,"column":14},"end":{"line":68,"column":65}},{"start":{"line":70,"column":14},"end":{"line":74,"column":65}},{"start":{"line":76,"column":14},"end":{"line":76,"column":22}},{"start":{"line":77,"column":14},"end":{"line":78,"column":39}}],"line":53},"6":{"loc":{"start":{"line":62,"column":16},"end":{"line":66,"column":17}},"type":"if","locations":[{"start":{"line":62,"column":16},"end":{"line":66,"column":17}},{"start":{"line":62,"column":16},"end":{"line":66,"column":17}}],"line":62},"7":{"loc":{"start":{"line":98,"column":12},"end":{"line":130,"column":13}},"type":"switch","locations":[{"start":{"line":99,"column":14},"end":{"line":108,"column":66}},{"start":{"line":110,"column":14},"end":{"line":119,"column":63}},{"start":{"line":121,"column":14},"end":{"line":125,"column":66}},{"start":{"line":127,"column":14},"end":{"line":127,"column":22}},{"start":{"line":128,"column":14},"end":{"line":129,"column":40}}],"line":98},"8":{"loc":{"start":{"line":102,"column":16},"end":{"line":105,"column":17}},"type":"if","locations":[{"start":{"line":102,"column":16},"end":{"line":105,"column":17}},{"start":{"line":102,"column":16},"end":{"line":105,"column":17}}],"line":102},"9":{"loc":{"start":{"line":102,"column":22},"end":{"line":102,"column":54}},"type":"binary-expr","locations":[{"start":{"line":102,"column":22},"end":{"line":102,"column":28}},{"start":{"line":102,"column":32},"end":{"line":102,"column":38}},{"start":{"line":102,"column":42},"end":{"line":102,"column":54}}],"line":102}},"s":{"0":1,"1":1,"2":1,"3":1,"4":1,"5":1,"6":1,"7":1,"8":1,"9":1,"10":1,"11":1,"12":1,"13":1,"14":1,"15":1,"16":1,"17":1,"18":1,"19":0,"20":1,"21":1,"22":0,"23":1,"24":0,"25":1,"26":1,"27":0,"28":0,"29":0,"30":0,"31":1,"32":1,"33":1,"34":1,"35":1,"36":1,"37":1,"38":1,"39":1,"40":3,"41":3,"42":1,"43":1,"44":1,"45":1,"46":1,"47":1,"48":0,"49":1,"50":0,"51":0,"52":0,"53":0,"54":1,"55":1,"56":1,"57":1,"58":2,"59":4,"60":5,"61":2,"62":2,"63":1,"64":1,"65":1,"66":1,"67":1,"68":1,"69":1,"70":1,"71":1,"72":0,"73":1,"74":0,"75":0,"76":0,"77":0,"78":2,"79":2,"80":1,"81":1,"82":1,"83":1},"f":{"0":1,"1":1,"2":1,"3":0,"4":1,"5":1,"6":1,"7":1,"8":3,"9":1,"10":1,"11":2,"12":4,"13":1,"14":0,"15":2},"b":{"0":[1,0],"1":[0,1],"2":[1,1],"3":[0,1],"4":[1,0],"5":[1,1,0,0,1],"6":[1,0],"7":[2,1,0,0,2],"8":[1,1],"9":[2,1,1]},"inputSourceMap":{"version":3,"sources":["book.controller.js"],"names":["util","Util","BookController","req","res","getAllBooks","allBooks","length","setSuccess","send","setError","body","title","price","description","addBook","createdBook","then","bookdata","e","message","Service"],"mappings":";;;;;;;;;;;;;;;;;;;;;;;;;AAAA;;AACA;;;;;;AAEA,IAAMA,IAAI,GAAG,IAAIC,0BAAJ,EAAb;;IAEMC,c;;;;;AACF,4BAAc;AAAA;AAAA;AAEb;;;;;wHAGiBC,G,EAAKC,G;;;;;;;;uBAGQ,kHAAoBC,WAApB,E;;;AAAjBC,gBAAAA,Q;;AACN,oBAAIA,QAAQ,CAACC,MAAT,GAAkB,CAAtB,EAAyB;AACrBP,kBAAAA,IAAI,CAACQ,UAAL,CAAgB,GAAhB,EAAqB,iBAArB,EAAwCF,QAAxC;AACH,iBAFD,MAEO;AACHN,kBAAAA,IAAI,CAACQ,UAAL,CAAgB,GAAhB,EAAqB,mBAArB;AACH;;iDACMR,IAAI,CAACS,IAAL,CAAUL,GAAV,C;;;;;AAEPJ,gBAAAA,IAAI,CAACU,QAAL,CAAc,GAAd;iDACOV,IAAI,CAACS,IAAL,CAAUL,GAAV,C;;;;;;;;;;;;;;;;;;;wHAIED,G,EAAKC,G;;;;;;;4BAEoBD,GAAG,CAACQ,I,EAAlCC,K,aAAAA,K,EAAOC,K,aAAAA,K,EAAOC,W,aAAAA,W;;sBAElB,CAACF,KAAD,IAAU,CAACC,KAAX,IAAoB,CAACC,W;;;;;AACrBd,gBAAAA,IAAI,CAACU,QAAL,CAAc,GAAd,EAAmB,gCAAnB;kDACOV,IAAI,CAACS,IAAL,CAAUL,GAAV,C;;;AAGLW,gBAAAA,O,GAAUZ,GAAG,CAACQ,I;;AAIVK,gBAAAA,W,GAAc,kHAAoBD,OAApB,CAA4BA,OAA5B,EACfE,IADe,CACV,UAAAC,QAAQ,EAAI;AACdlB,kBAAAA,IAAI,CAACQ,UAAL,CAAgB,GAAhB,EAAqB,aAArB,EAAoCU,QAApC;AACA,yBAAOlB,IAAI,CAACS,IAAL,CAAUL,GAAV,CAAP;AACH,iBAJe,WAKT,UAAAe,CAAC;AAAA,yBAAInB,IAAI,CAACU,QAAL,CAAc,GAAd,EAAmBS,CAAnB,CAAJ;AAAA,iBALQ,C;kDAObH,W;;;;;AAIPhB,gBAAAA,IAAI,CAACU,QAAL,CAAc,GAAd,EAAmB,aAAEU,OAArB;kDACOpB,IAAI,CAACS,IAAL,CAAUL,GAAV,C;;;;;;;;;;;;;;;;;;EA/CUiB,oB;;AAoD5B;eAEcnB,c","sourceRoot":"/Users/apple/Documents/research/nepstcc/src/server/controllers/","sourcesContent":["import Service from '../services/default.service';\nimport Util from '../utils/customResponse';\n\nconst util = new Util();\n\nclass BookController extends Service {\n    constructor() {\n        super();\n    };\n\n\n    async getAllBooks(req, res) {\n\n        try {\n            const allBooks = await super.bookService().getAllBooks();\n            if (allBooks.length > 0) {\n                util.setSuccess(200, \"Books Retrieved\", allBooks);\n            } else {\n                util.setSuccess(200, \"No Data Retrieved\");\n            }\n            return util.send(res);\n        } catch (e) {\n            util.setError(400, e);\n            return util.send(res);\n        }\n    }\n\n    async addNewBook(req, res) {\n\n        const { title, price, description } = req.body;\n\n        if (!title || !price || !description) {\n            util.setError(400, \"Please Provide A Complete Data\");\n            return util.send(res);\n        }\n\n        const addBook = req.body;\n\n        try {\n\n            const createdBook = super.bookService().addBook(addBook)\n                .then(bookdata => {\n                    util.setSuccess(201, \"Book added!\", bookdata);\n                    return util.send(res);\n                })\n                .catch(e => util.setError(400, e));\n\n            return createdBook;\n\n        } catch (e) {\n\n            util.setError(400, e.message);\n            return util.send(res);\n            \n        }\n    }\n\n};\n\nexport default BookController;"]},"_coverageSchema":"1a1c01bbd47fc00a2c39e90264f33305004495a9","hash":"64e4181cfbe443200abbc12b74cb410958958bbe","contentHash":"13f22c68f033652e597d2504f6353f1f78917212a1db180b690266ed8baca8fa"},"/Users/apple/Documents/research/nepstcc/src/server/routes/book.routes.js":{"path":"/Users/apple/Documents/research/nepstcc/src/server/routes/book.routes.js","statementMap":{"0":{"start":{"line":3,"column":29},"end":{"line":3,"column":84}},"1":{"start":{"line":5,"column":0},"end":{"line":7,"column":3}},"2":{"start":{"line":8,"column":0},"end":{"line":8,"column":28}},"3":{"start":{"line":10,"column":23},"end":{"line":10,"column":95}},"4":{"start":{"line":12,"column":20},"end":{"line":12,"column":89}},"5":{"start":{"line":14,"column":30},"end":{"line":14,"column":109}},"6":{"start":{"line":16,"column":17},"end":{"line":16,"column":83}},"7":{"start":{"line":18,"column":34},"end":{"line":18,"column":117}},"8":{"start":{"line":20,"column":12},"end":{"line":20,"column":73}},"9":{"start":{"line":22,"column":23},"end":{"line":22,"column":95}},"10":{"start":{"line":24,"column":16},"end":{"line":24,"column":84}},"11":{"start":{"line":26,"column":15},"end":{"line":26,"column":33}},"12":{"start":{"line":28,"column":65},"end":{"line":28,"column":92}},"13":{"start":{"line":28,"column":94},"end":{"line":28,"column":474}},"14":{"start":{"line":28,"column":147},"end":{"line":28,"column":188}},"15":{"start":{"line":28,"column":198},"end":{"line":28,"column":405}},"16":{"start":{"line":28,"column":247},"end":{"line":28,"column":297}},"17":{"start":{"line":28,"column":299},"end":{"line":28,"column":355}},"18":{"start":{"line":28,"column":365},"end":{"line":28,"column":403}},"19":{"start":{"line":28,"column":406},"end":{"line":28,"column":471}},"20":{"start":{"line":30,"column":39},"end":{"line":30,"column":110}},"21":{"start":{"line":30,"column":97},"end":{"line":30,"column":110}},"22":{"start":{"line":30,"column":111},"end":{"line":30,"column":152}},"23":{"start":{"line":30,"column":139},"end":{"line":30,"column":152}},"24":{"start":{"line":30,"column":153},"end":{"line":30,"column":198}},"25":{"start":{"line":30,"column":186},"end":{"line":30,"column":198}},"26":{"start":{"line":30,"column":199},"end":{"line":30,"column":322}},"27":{"start":{"line":30,"column":205},"end":{"line":30,"column":279}},"28":{"start":{"line":30,"column":280},"end":{"line":30,"column":292}},"29":{"start":{"line":30,"column":307},"end":{"line":30,"column":320}},"30":{"start":{"line":32,"column":30},"end":{"line":54,"column":23}},"31":{"start":{"line":33,"column":2},"end":{"line":33,"column":54}},"32":{"start":{"line":35,"column":15},"end":{"line":35,"column":39}},"33":{"start":{"line":40,"column":4},"end":{"line":40,"column":55}},"34":{"start":{"line":41,"column":4},"end":{"line":41,"column":30}},"35":{"start":{"line":42,"column":4},"end":{"line":42,"column":215}},"36":{"start":{"line":43,"column":4},"end":{"line":43,"column":42}},"37":{"start":{"line":44,"column":4},"end":{"line":44,"column":17}},"38":{"start":{"line":47,"column":2},"end":{"line":52,"column":6}},"39":{"start":{"line":50,"column":6},"end":{"line":50,"column":151}},"40":{"start":{"line":53,"column":2},"end":{"line":53,"column":20}},"41":{"start":{"line":57,"column":15},"end":{"line":57,"column":25}},"42":{"start":{"line":58,"column":0},"end":{"line":58,"column":30}}},"fnMap":{"0":{"name":"_createSuper","decl":{"start":{"line":28,"column":9},"end":{"line":28,"column":21}},"loc":{"start":{"line":28,"column":31},"end":{"line":28,"column":476}},"line":28},"1":{"name":"_createSuperInternal","decl":{"start":{"line":28,"column":110},"end":{"line":28,"column":130}},"loc":{"start":{"line":28,"column":133},"end":{"line":28,"column":473}},"line":28},"2":{"name":"_isNativeReflectConstruct","decl":{"start":{"line":30,"column":9},"end":{"line":30,"column":34}},"loc":{"start":{"line":30,"column":37},"end":{"line":30,"column":324}},"line":30},"3":{"name":"(anonymous_3)","decl":{"start":{"line":30,"column":262},"end":{"line":30,"column":263}},"loc":{"start":{"line":30,"column":274},"end":{"line":30,"column":276}},"line":30},"4":{"name":"(anonymous_4)","decl":{"start":{"line":32,"column":30},"end":{"line":32,"column":31}},"loc":{"start":{"line":32,"column":53},"end":{"line":54,"column":1}},"line":32},"5":{"name":"BookRoutes","decl":{"start":{"line":37,"column":11},"end":{"line":37,"column":21}},"loc":{"start":{"line":37,"column":24},"end":{"line":45,"column":3}},"line":37},"6":{"name":"route","decl":{"start":{"line":49,"column":20},"end":{"line":49,"column":25}},"loc":{"start":{"line":49,"column":28},"end":{"line":51,"column":5}},"line":49}},"branchMap":{"0":{"loc":{"start":{"line":28,"column":198},"end":{"line":28,"column":405}},"type":"if","locations":[{"start":{"line":28,"column":198},"end":{"line":28,"column":405}},{"start":{"line":28,"column":198},"end":{"line":28,"column":405}}],"line":28},"1":{"loc":{"start":{"line":30,"column":39},"end":{"line":30,"column":110}},"type":"if","locations":[{"start":{"line":30,"column":39},"end":{"line":30,"column":110}},{"start":{"line":30,"column":39},"end":{"line":30,"column":110}}],"line":30},"2":{"loc":{"start":{"line":30,"column":43},"end":{"line":30,"column":95}},"type":"binary-expr","locations":[{"start":{"line":30,"column":43},"end":{"line":30,"column":73}},{"start":{"line":30,"column":77},"end":{"line":30,"column":95}}],"line":30},"3":{"loc":{"start":{"line":30,"column":111},"end":{"line":30,"column":152}},"type":"if","locations":[{"start":{"line":30,"column":111},"end":{"line":30,"column":152}},{"start":{"line":30,"column":111},"end":{"line":30,"column":152}}],"line":30},"4":{"loc":{"start":{"line":30,"column":153},"end":{"line":30,"column":198}},"type":"if","locations":[{"start":{"line":30,"column":153},"end":{"line":30,"column":198}},{"start":{"line":30,"column":153},"end":{"line":30,"column":198}}],"line":30}},"s":{"0":1,"1":1,"2":1,"3":1,"4":1,"5":1,"6":1,"7":1,"8":1,"9":1,"10":1,"11":1,"12":1,"13":1,"14":1,"15":1,"16":1,"17":1,"18":0,"19":1,"20":1,"21":0,"22":1,"23":0,"24":1,"25":1,"26":0,"27":0,"28":0,"29":0,"30":1,"31":1,"32":1,"33":1,"34":1,"35":1,"36":1,"37":1,"38":1,"39":1,"40":1,"41":1,"42":1},"f":{"0":1,"1":1,"2":1,"3":0,"4":1,"5":1,"6":1},"b":{"0":[1,0],"1":[0,1],"2":[1,1],"3":[0,1],"4":[1,0]},"inputSourceMap":{"version":3,"sources":["book.routes.js"],"names":["BookRoutes","bookController","router","get","getAllBooks","post","addNewBook","Controller"],"mappings":";;;;;;;;;;;;;;;;;;;;;;;AAAA;;AACA;;;;;;IAEMA,U;;;;;AACF,wBAAa;AAAA;;AAAA;AACT;AACA,UAAKC,cAAL;AACA,UAAKC,MAAL,GAAc,sBAAd;AAHS;AAIZ;;;;4BAEM;AACH,aAAO,CACH,KAAKA,MAAL,CAAYC,GAAZ,CAAgB,iBAAhB,EAAmC,KAAKF,cAAL,CAAoBG,WAAvD,CADG,EAEH,KAAKF,MAAL,CAAYG,IAAZ,CAAiB,gBAAjB,EAAmC,KAAKJ,cAAL,CAAoBK,UAAvD,CAFG,CAAP;AAIH;;;EAZoBC,oB;;AAaxB;eAGcP,U","sourceRoot":"/Users/apple/Documents/research/nepstcc/src/server/routes/","sourcesContent":["import Controller from '../controllers/default.controller';\nimport {Router} from 'express';\n\nclass BookRoutes extends Controller {\n    constructor(){\n        super();\n        this.bookController = super.bookController();\n        this.router = Router();\n    }\n\n    route(){\n        return [\n            this.router.get('/book/get-books', this.bookController.getAllBooks),\n            this.router.post('/book/add-book', this.bookController.addNewBook)\n        ]\n    }\n};\n\n\nexport default BookRoutes;"]},"_coverageSchema":"1a1c01bbd47fc00a2c39e90264f33305004495a9","hash":"2e486e2d7b92015a023a9fe920909f426e5ed174","contentHash":"63f7b4825bd96058d79d09891ef586852939fab45071cf36b7019bc20626fb4c"}}